#
# A fatal error has been detected by the Java Runtime Environment:
#
#  SIGSEGV (0xb) at pc=0x00007fff9007aacc, pid=4105, tid=53763
#
# JRE version: Java(TM) SE Runtime Environment (8.0_31-b13) (build 1.8.0_31-b13)
# Java VM: Java HotSpot(TM) 64-Bit Server VM (25.31-b07 mixed mode bsd-amd64 compressed oops)
# Problematic frame:
# C  [GLEngine+0x15bacc]  gleRunVertexSubmitImmediate+0x231c
#
# Failed to write core dump. Core dumps have been disabled. To enable core dumping, try "ulimit -c unlimited" before starting Java again
#
# If you would like to submit a bug report, please visit:
#   http://bugreport.java.com/bugreport/crash.jsp
# The crash happened outside the Java Virtual Machine in native code.
# See problematic frame for where to report the bug.
#

---------------  T H R E A D  ---------------

Current thread (0x00007fcf82265800):  JavaThread "AWT-EventQueue-0" [_thread_in_native, id=53763, stack(0x00000001ecc77000,0x00000001ecd77000)]

siginfo: si_signo: 11 (SIGSEGV), si_code: 1 (SEGV_MAPERR), si_addr: 0x0000000000000000

Registers:
RAX=0x00007fff9007aacc, RBX=0x0000000000000006, RCX=0x0000000000000000, RDX=0x00007fff9007b518
RSP=0x00000001ecd73fe0, RBP=0x00000001ecd74230, RSI=0x0000000000000000, RDI=0x0000000000001000
R8 =0x0000000000001000, R9 =0x00007fcf83060e00, R10=0x00007fcf8391e110, R11=0x00007fcf83060e00
R12=0x0000000000000003, R13=0x0000000000001000, R14=0x00007fcf83060e00, R15=0x0000000000000000
RIP=0x00007fff9007aacc, EFLAGS=0x0000000000010207, ERR=0x0000000000000004
  TRAPNO=0x000000000000000e

Top of Stack: (sp=0x00000001ecd73fe0)
0x00000001ecd73fe0:   0000000000000001 0000000000000001
0x00000001ecd73ff0:   00000001ecd74060 00001234402946c2
0x00000001ecd74000:   00000001ecd74040 00000001ef3f7084
0x00000001ecd74010:   00000000000000e6 00007fff963f5dd4
0x00000001ecd74020:   0000000000000000 0000000000000000
0x00000001ecd74030:   00000001ecd740ac 00000001ecd740b0
0x00000001ecd74040:   00000001ecd740b4 0000123441b57658
0x00000001ecd74050:   ffffffffffffffff 0001206800000040
0x00000001ecd74060:   0000123441b57670 0000123441b57658
0x00000001ecd74070:   0000000000000001 0000000000000001
0x00000001ecd74080:   0000123441b53d08 00007fcf8395b400
0x00000001ecd74090:   00000001ecd740d0 00007fff963f5b4e
0x00000001ecd740a0:   00000000ecd7411c 0001206800000000
0x00000001ecd740b0:   00007fcf83060f40 00007fcf83060f70
0x00000001ecd740c0:   00007fcf83060f50 00007fcf83060f80
0x00000001ecd740d0:   00007fcf83060f60 00007fcf83060fa0
0x00000001ecd740e0:   0000000000000000 0000000000000000
0x00000001ecd740f0:   fffffffe00000001 00000001ef3d5000
0x00000001ecd74100:   0000000000000002 0000000000000001
0x00000001ecd74110:   ffffffffecd74200 0000000000000001
0x00000001ecd74120:   00007fcf83060f90 0000123441b57650
0x00000001ecd74130:   0000123441b53d08 00007fcf8395b400
0x00000001ecd74140:   00000c3300000000 00007fff963f5dd4
0x00000001ecd74150:   0000000000004000 0000000000000000
0x00000001ecd74160:   00000001ecd741dc 00000001ecd741e0
0x00000001ecd74170:   00000001ecd741e4 00007fcf8391e078
0x00000001ecd74180:   0000000000000000 0000000000000000
0x00000001ecd74190:   0000000000000000 00007fcf8391e078
0x00000001ecd741a0:   000000000000000a 00007fcf83060e00
0x00000001ecd741b0:   0000000000000000 00007fcf83060e00
0x00000001ecd741c0:   0000000000000000 00000001efaed3a0
0x00000001ecd741d0:   00000001efaed418 0000000000000000 

Instructions: (pc=0x00007fff9007aacc)
0x00007fff9007aaac:   0f 10 01 e9 84 03 00 00 f3 0f 10 01 f3 0f 11 45
0x00007fff9007aabc:   80 f3 0f 10 41 04 f3 0f 11 45 84 e9 84 07 00 00
0x00007fff9007aacc:   f3 0f 10 01 f3 0f 11 45 80 f3 0f 10 41 04 f3 0f
0x00007fff9007aadc:   11 45 84 f3 0f 10 41 08 f3 0f 11 45 88 e9 62 07 

Register to memory mapping:

RAX=0x00007fff9007aacc: gleRunVertexSubmitImmediate+0x231c in /System/Library/Frameworks/OpenGL.framework/Versions/A/Resources/GLEngine.bundle/GLEngine at 0x00007fff8ff1f000
RBX=0x0000000000000006 is an unknown value
RCX=0x0000000000000000 is an unknown value
RDX=0x00007fff9007b518: gleRunVertexSubmitImmediate+0x2d68 in /System/Library/Frameworks/OpenGL.framework/Versions/A/Resources/GLEngine.bundle/GLEngine at 0x00007fff8ff1f000
RSP=0x00000001ecd73fe0 is pointing into the stack for thread: 0x00007fcf82265800
RBP=0x00000001ecd74230 is pointing into the stack for thread: 0x00007fcf82265800
RSI=0x0000000000000000 is an unknown value
RDI=0x0000000000001000 is an unknown value
R8 =0x0000000000001000 is an unknown value
R9 =0x00007fcf83060e00 is an unknown value
R10=0x00007fcf8391e110 is an unknown value
R11=0x00007fcf83060e00 is an unknown value
R12=0x0000000000000003 is an unknown value
R13=0x0000000000001000 is an unknown value
R14=0x00007fcf83060e00 is an unknown value
R15=0x0000000000000000 is an unknown value


Stack: [0x00000001ecc77000,0x00000001ecd77000],  sp=0x00000001ecd73fe0,  free space=1011k
Native frames: (J=compiled Java code, j=interpreted, Vv=VM code, C=native code)
C  [GLEngine+0x15bacc]  gleRunVertexSubmitImmediate+0x231c
C  [GLEngine+0xcab54]  glDrawArrays_ACC_Exec+0x358
C  [libjogl_desktop.jnilib+0x23410]  Java_jogamp_opengl_gl4_GL4bcImpl_dispatch_1glDrawArrays1__IIIJ+0x40
j  jogamp.opengl.gl4.GL4bcImpl.dispatch_glDrawArrays1(IIIJ)V+0
j  jogamp.opengl.gl4.GL4bcImpl.glDrawArrays(III)V+51
j  refactoring2.TelaDeDesenho.draw(Ljavax/media/opengl/GL2;Ljavax/media/opengl/glu/GLU;)V+47
j  refactoring2.Viewport.display(Ljavax/media/opengl/GLAutoDrawable;)V+26
j  jogamp.opengl.GLDrawableHelper.displayImpl(Ljavax/media/opengl/GLAutoDrawable;)V+81
j  jogamp.opengl.GLDrawableHelper.display(Ljavax/media/opengl/GLAutoDrawable;)V+2
j  javax.media.opengl.awt.GLCanvas$10.run()V+118
j  jogamp.opengl.GLDrawableHelper.invokeGLImpl(Ljavax/media/opengl/GLDrawable;Ljavax/media/opengl/GLContext;Ljava/lang/Runnable;Ljava/lang/Runnable;)V+203
j  jogamp.opengl.GLDrawableHelper.invokeGL(Ljavax/media/opengl/GLDrawable;Ljavax/media/opengl/GLContext;Ljava/lang/Runnable;Ljava/lang/Runnable;)V+72
j  javax.media.opengl.awt.GLCanvas$11.run()V+73
j  javax.media.opengl.Threading.invoke(ZLjava/lang/Runnable;Ljava/lang/Object;)V+27
j  javax.media.opengl.awt.GLCanvas.display()V+64
j  javax.media.opengl.awt.GLCanvas.paint(Ljava/awt/Graphics;)V+137
j  javax.media.opengl.awt.GLCanvas.update(Ljava/awt/Graphics;)V+2
j  sun.awt.RepaintArea.updateComponent(Ljava/awt/Component;Ljava/awt/Graphics;)V+6
j  sun.lwawt.LWRepaintArea.updateComponent(Ljava/awt/Component;Ljava/awt/Graphics;)V+7
j  sun.awt.RepaintArea.paint(Ljava/lang/Object;Z)V+263
j  sun.lwawt.LWComponentPeer.handleJavaPaintEvent()V+19
j  sun.lwawt.LWComponentPeer.handleEvent(Ljava/awt/AWTEvent;)V+84
j  java.awt.Component.dispatchEventImpl(Ljava/awt/AWTEvent;)V+877
j  java.awt.Component.dispatchEvent(Ljava/awt/AWTEvent;)V+2
j  java.awt.EventQueue.dispatchEventImpl(Ljava/awt/AWTEvent;Ljava/lang/Object;)V+41
j  java.awt.EventQueue.access$500(Ljava/awt/EventQueue;Ljava/awt/AWTEvent;Ljava/lang/Object;)V+3
j  java.awt.EventQueue$3.run()Ljava/lang/Void;+32
j  java.awt.EventQueue$3.run()Ljava/lang/Object;+1
v  ~StubRoutines::call_stub
V  [libjvm.dylib+0x2d4442]  JavaCalls::call_helper(JavaValue*, methodHandle*, JavaCallArguments*, Thread*)+0x6ae
V  [libjvm.dylib+0x32ade2]  JVM_DoPrivileged+0x4b8
j  java.security.AccessController.doPrivileged(Ljava/security/PrivilegedAction;Ljava/security/AccessControlContext;)Ljava/lang/Object;+0
j  java.security.ProtectionDomain$1.doIntersectionPrivilege(Ljava/security/PrivilegedAction;Ljava/security/AccessControlContext;Ljava/security/AccessControlContext;)Ljava/lang/Object;+28
j  java.security.ProtectionDomain$1.doIntersectionPrivilege(Ljava/security/PrivilegedAction;Ljava/security/AccessControlContext;)Ljava/lang/Object;+6
j  java.awt.EventQueue$4.run()Ljava/lang/Void;+11
j  java.awt.EventQueue$4.run()Ljava/lang/Object;+1
v  ~StubRoutines::call_stub
V  [libjvm.dylib+0x2d4442]  JavaCalls::call_helper(JavaValue*, methodHandle*, JavaCallArguments*, Thread*)+0x6ae
V  [libjvm.dylib+0x32ade2]  JVM_DoPrivileged+0x4b8
j  java.security.AccessController.doPrivileged(Ljava/security/PrivilegedAction;Ljava/security/AccessControlContext;)Ljava/lang/Object;+0
j  java.security.ProtectionDomain$1.doIntersectionPrivilege(Ljava/security/PrivilegedAction;Ljava/security/AccessControlContext;Ljava/security/AccessControlContext;)Ljava/lang/Object;+28
j  java.awt.EventQueue.dispatchEvent(Ljava/awt/AWTEvent;)V+73
j  java.awt.EventDispatchThread.pumpOneEventForFilters(I)V+245
j  java.awt.EventDispatchThread.pumpEventsForFilter(ILjava/awt/Conditional;Ljava/awt/EventFilter;)V+35
j  java.awt.EventDispatchThread.pumpEventsForHierarchy(ILjava/awt/Conditional;Ljava/awt/Component;)V+11
j  java.awt.EventDispatchThread.pumpEvents(ILjava/awt/Conditional;)V+4
j  java.awt.EventDispatchThread.pumpEvents(Ljava/awt/Conditional;)V+3
j  java.awt.EventDispatchThread.run()V+9
v  ~StubRoutines::call_stub
V  [libjvm.dylib+0x2d4442]  JavaCalls::call_helper(JavaValue*, methodHandle*, JavaCallArguments*, Thread*)+0x6ae
V  [libjvm.dylib+0x2d4bd0]  JavaCalls::call_virtual(JavaValue*, KlassHandle, Symbol*, Symbol*, JavaCallArguments*, Thread*)+0x164
V  [libjvm.dylib+0x2d4d7c]  JavaCalls::call_virtual(JavaValue*, Handle, KlassHandle, Symbol*, Symbol*, Thread*)+0x4a
V  [libjvm.dylib+0x32576f]  thread_entry(JavaThread*, Thread*)+0x7c
V  [libjvm.dylib+0x5360cf]  JavaThread::thread_main_inner()+0x9b
V  [libjvm.dylib+0x53780c]  JavaThread::run()+0x1c2
V  [libjvm.dylib+0x45d772]  java_start(Thread*)+0xf6
C  [libsystem_pthread.dylib+0x3268]  _pthread_body+0x83
C  [libsystem_pthread.dylib+0x31e5]  _pthread_body+0x0
C  [libsystem_pthread.dylib+0x141d]  thread_start+0xd
C  0x0000000000000000

Java frames: (J=compiled Java code, j=interpreted, Vv=VM code)
j  jogamp.opengl.gl4.GL4bcImpl.dispatch_glDrawArrays1(IIIJ)V+0
j  jogamp.opengl.gl4.GL4bcImpl.glDrawArrays(III)V+51
j  refactoring2.TelaDeDesenho.draw(Ljavax/media/opengl/GL2;Ljavax/media/opengl/glu/GLU;)V+47
j  refactoring2.Viewport.display(Ljavax/media/opengl/GLAutoDrawable;)V+26
j  jogamp.opengl.GLDrawableHelper.displayImpl(Ljavax/media/opengl/GLAutoDrawable;)V+81
j  jogamp.opengl.GLDrawableHelper.display(Ljavax/media/opengl/GLAutoDrawable;)V+2
j  javax.media.opengl.awt.GLCanvas$10.run()V+118
j  jogamp.opengl.GLDrawableHelper.invokeGLImpl(Ljavax/media/opengl/GLDrawable;Ljavax/media/opengl/GLContext;Ljava/lang/Runnable;Ljava/lang/Runnable;)V+203
j  jogamp.opengl.GLDrawableHelper.invokeGL(Ljavax/media/opengl/GLDrawable;Ljavax/media/opengl/GLContext;Ljava/lang/Runnable;Ljava/lang/Runnable;)V+72
j  javax.media.opengl.awt.GLCanvas$11.run()V+73
j  javax.media.opengl.Threading.invoke(ZLjava/lang/Runnable;Ljava/lang/Object;)V+27
j  javax.media.opengl.awt.GLCanvas.display()V+64
j  javax.media.opengl.awt.GLCanvas.paint(Ljava/awt/Graphics;)V+137
j  javax.media.opengl.awt.GLCanvas.update(Ljava/awt/Graphics;)V+2
j  sun.awt.RepaintArea.updateComponent(Ljava/awt/Component;Ljava/awt/Graphics;)V+6
j  sun.lwawt.LWRepaintArea.updateComponent(Ljava/awt/Component;Ljava/awt/Graphics;)V+7
j  sun.awt.RepaintArea.paint(Ljava/lang/Object;Z)V+263
j  sun.lwawt.LWComponentPeer.handleJavaPaintEvent()V+19
j  sun.lwawt.LWComponentPeer.handleEvent(Ljava/awt/AWTEvent;)V+84
j  java.awt.Component.dispatchEventImpl(Ljava/awt/AWTEvent;)V+877
j  java.awt.Component.dispatchEvent(Ljava/awt/AWTEvent;)V+2
j  java.awt.EventQueue.dispatchEventImpl(Ljava/awt/AWTEvent;Ljava/lang/Object;)V+41
j  java.awt.EventQueue.access$500(Ljava/awt/EventQueue;Ljava/awt/AWTEvent;Ljava/lang/Object;)V+3
j  java.awt.EventQueue$3.run()Ljava/lang/Void;+32
j  java.awt.EventQueue$3.run()Ljava/lang/Object;+1
v  ~StubRoutines::call_stub
j  java.security.AccessController.doPrivileged(Ljava/security/PrivilegedAction;Ljava/security/AccessControlContext;)Ljava/lang/Object;+0
j  java.security.ProtectionDomain$1.doIntersectionPrivilege(Ljava/security/PrivilegedAction;Ljava/security/AccessControlContext;Ljava/security/AccessControlContext;)Ljava/lang/Object;+28
j  java.security.ProtectionDomain$1.doIntersectionPrivilege(Ljava/security/PrivilegedAction;Ljava/security/AccessControlContext;)Ljava/lang/Object;+6
j  java.awt.EventQueue$4.run()Ljava/lang/Void;+11
j  java.awt.EventQueue$4.run()Ljava/lang/Object;+1
v  ~StubRoutines::call_stub
j  java.security.AccessController.doPrivileged(Ljava/security/PrivilegedAction;Ljava/security/AccessControlContext;)Ljava/lang/Object;+0
j  java.security.ProtectionDomain$1.doIntersectionPrivilege(Ljava/security/PrivilegedAction;Ljava/security/AccessControlContext;Ljava/security/AccessControlContext;)Ljava/lang/Object;+28
j  java.awt.EventQueue.dispatchEvent(Ljava/awt/AWTEvent;)V+73
j  java.awt.EventDispatchThread.pumpOneEventForFilters(I)V+245
j  java.awt.EventDispatchThread.pumpEventsForFilter(ILjava/awt/Conditional;Ljava/awt/EventFilter;)V+35
j  java.awt.EventDispatchThread.pumpEventsForHierarchy(ILjava/awt/Conditional;Ljava/awt/Component;)V+11
j  java.awt.EventDispatchThread.pumpEvents(ILjava/awt/Conditional;)V+4
j  java.awt.EventDispatchThread.pumpEvents(Ljava/awt/Conditional;)V+3
j  java.awt.EventDispatchThread.run()V+9
v  ~StubRoutines::call_stub

---------------  P R O C E S S  ---------------

Java Threads: ( => current thread )
  0x00007fcf82807000 JavaThread "DestroyJavaVM" [_thread_blocked, id=3331, stack(0x000000010f8f9000,0x000000010f9f9000)]
=>0x00007fcf82265800 JavaThread "AWT-EventQueue-0" [_thread_in_native, id=53763, stack(0x00000001ecc77000,0x00000001ecd77000)]
  0x00007fcf82001800 JavaThread "Java2D Disposer" daemon [_thread_blocked, id=53259, stack(0x00000001ecb74000,0x00000001ecc74000)]
  0x00007fcf82b89000 JavaThread "Java2D Queue Flusher" daemon [_thread_blocked, id=52231, stack(0x00000001ebd05000,0x00000001ebe05000)]
  0x00007fcf82b2a000 JavaThread "AWT-Shutdown" [_thread_blocked, id=27663, stack(0x00000001e8d53000,0x00000001e8e53000)]
  0x00007fcf82193800 JavaThread "AWT-AppKit" daemon [_thread_in_native, id=1811, stack(0x00007fff50b25000,0x00007fff51325000)]
  0x00007fcf82032800 JavaThread "Service Thread" daemon [_thread_blocked, id=16899, stack(0x00000001e73e9000,0x00000001e74e9000)]
  0x00007fcf8284c800 JavaThread "C1 CompilerThread1" daemon [_thread_blocked, id=16387, stack(0x00000001e72e6000,0x00000001e73e6000)]
  0x00007fcf82038000 JavaThread "C2 CompilerThread0" daemon [_thread_blocked, id=15875, stack(0x00000001e71e3000,0x00000001e72e3000)]
  0x00007fcf8200a000 JavaThread "Signal Dispatcher" daemon [_thread_blocked, id=13067, stack(0x00000001e70e0000,0x00000001e71e0000)]
  0x00007fcf82841800 JavaThread "Finalizer" daemon [_thread_blocked, id=11011, stack(0x00000001e579f000,0x00000001e589f000)]
  0x00007fcf82809000 JavaThread "Reference Handler" daemon [_thread_blocked, id=10499, stack(0x00000001e569c000,0x00000001e579c000)]

Other Threads:
  0x00007fcf82030800 VMThread [stack: 0x00000001e5599000,0x00000001e5699000] [id=9987]
  0x00007fcf82037000 WatcherThread [stack: 0x00000001e74ec000,0x00000001e75ec000] [id=17411]

VM state:not at safepoint (normal execution)

VM Mutex/Monitor currently owned by a thread: None

Heap:
 PSYoungGen      total 38400K, used 23684K [0x0000000174b80000, 0x0000000177600000, 0x000000019f600000)
  eden space 33280K, 71% used [0x0000000174b80000,0x00000001762a12d0,0x0000000176c00000)
  from space 5120K, 0% used [0x0000000177100000,0x0000000177100000,0x0000000177600000)
  to   space 5120K, 0% used [0x0000000176c00000,0x0000000176c00000,0x0000000177100000)
 ParOldGen       total 87552K, used 0K [0x000000011f600000, 0x0000000124b80000, 0x0000000174b80000)
  object space 87552K, 0% used [0x000000011f600000,0x000000011f600000,0x0000000124b80000)
 Metaspace       used 13164K, capacity 13363K, committed 13696K, reserved 1060864K
  class space    used 1343K, capacity 1372K, committed 1408K, reserved 1048576K

Card table byte_map: [0x000000019f600000,0x000000019fa01000] byte_map_base: 0x000000019ed05000

Marking Bits: (ParMarkBitMap*) 0x000000010f277410
 Begin Bits: [0x000000019fdaf000, 0x00000001a1daf000)
 End Bits:   [0x00000001a1daf000, 0x00000001a3daf000)

Polling page: 0x000000010f9ff000

CodeCache: size=245760Kb used=2689Kb max_used=2696Kb free=243070Kb
 bounds [0x000000010fe67000, 0x0000000110117000, 0x000000011ee67000]
 total_blobs=1353 nmethods=592 adapters=677
 compilation: enabled

Compilation events (10 events):
Event: 4.900 Thread 0x00007fcf82038000 nmethod 588 0x0000000110108650 code [0x00000001101087a0, 0x0000000110108878]
Event: 4.900 Thread 0x00007fcf82038000  589       4       java.lang.Math::random (7 bytes)
Event: 4.900 Thread 0x00007fcf8284c800 nmethod 587 0x0000000110107e10 code [0x0000000110107fc0, 0x00000001101084c8]
Event: 4.903 Thread 0x00007fcf82038000 nmethod 589 0x0000000110106bd0 code [0x0000000110106d40, 0x0000000110106eb8]
Event: 4.903 Thread 0x00007fcf82038000  590       4       java.util.Random::nextInt (74 bytes)
Event: 4.906 Thread 0x00007fcf82038000 nmethod 590 0x0000000110107910 code [0x0000000110107a80, 0x0000000110107c88]
Event: 4.922 Thread 0x00007fcf8284c800  591   !   3       java.lang.ClassLoader::findNative (86 bytes)
Event: 4.923 Thread 0x00007fcf8284c800 nmethod 591 0x0000000110105dd0 code [0x0000000110105f80, 0x0000000110106858]
Event: 4.972 Thread 0x00007fcf8284c800  592       1       java.nio.Buffer::limit (5 bytes)
Event: 4.972 Thread 0x00007fcf8284c800 nmethod 592 0x0000000110105b10 code [0x0000000110105c60, 0x0000000110105d70]

GC Heap History (0 events):
No events

Deoptimization events (0 events):
No events

Internal exceptions (10 events):
Event: 4.857 Thread 0x00007fcf82265800 Exception <a 'java/security/PrivilegedActionException'> (0x000000017550a990) thrown at [/Users/java_re/workspace/8-2-build-macosx-x86_64/jdk8u31/2394/hotspot/src/share/vm/prims/jvm.cpp, line 1312]
Event: 4.862 Thread 0x00007fcf82265800 Exception <a 'java/security/PrivilegedActionException'> (0x000000017550ef98) thrown at [/Users/java_re/workspace/8-2-build-macosx-x86_64/jdk8u31/2394/hotspot/src/share/vm/prims/jvm.cpp, line 1312]
Event: 4.877 Thread 0x00007fcf82265800 Exception <a 'java/security/PrivilegedActionException'> (0x0000000175517560) thrown at [/Users/java_re/workspace/8-2-build-macosx-x86_64/jdk8u31/2394/hotspot/src/share/vm/prims/jvm.cpp, line 1312]
Event: 4.878 Thread 0x00007fcf82265800 Exception <a 'java/security/PrivilegedActionException'> (0x000000017551b558) thrown at [/Users/java_re/workspace/8-2-build-macosx-x86_64/jdk8u31/2394/hotspot/src/share/vm/prims/jvm.cpp, line 1312]
Event: 4.881 Thread 0x00007fcf82265800 Exception <a 'java/security/PrivilegedActionException'> (0x00000001755236d0) thrown at [/Users/java_re/workspace/8-2-build-macosx-x86_64/jdk8u31/2394/hotspot/src/share/vm/prims/jvm.cpp, line 1312]
Event: 4.882 Thread 0x00007fcf82265800 Exception <a 'java/security/PrivilegedActionException'> (0x00000001755301f8) thrown at [/Users/java_re/workspace/8-2-build-macosx-x86_64/jdk8u31/2394/hotspot/src/share/vm/prims/jvm.cpp, line 1312]
Event: 4.883 Thread 0x00007fcf82265800 Exception <a 'java/security/PrivilegedActionException'> (0x0000000175533758) thrown at [/Users/java_re/workspace/8-2-build-macosx-x86_64/jdk8u31/2394/hotspot/src/share/vm/prims/jvm.cpp, line 1312]
Event: 4.883 Thread 0x00007fcf82265800 Exception <a 'java/security/PrivilegedActionException'> (0x000000017553fda0) thrown at [/Users/java_re/workspace/8-2-build-macosx-x86_64/jdk8u31/2394/hotspot/src/share/vm/prims/jvm.cpp, line 1312]
Event: 4.885 Thread 0x00007fcf82265800 Exception <a 'java/security/PrivilegedActionException'> (0x00000001761ff700) thrown at [/Users/java_re/workspace/8-2-build-macosx-x86_64/jdk8u31/2394/hotspot/src/share/vm/prims/jvm.cpp, line 1312]
Event: 4.965 Thread 0x00007fcf82193800 Exception <a 'java/security/PrivilegedActionException'> (0x00000001752f6870) thrown at [/Users/java_re/workspace/8-2-build-macosx-x86_64/jdk8u31/2394/hotspot/src/share/vm/prims/jvm.cpp, line 1312]

Events (10 events):
Event: 4.896 loading class java/lang/Math$RandomNumberGeneratorHolder
Event: 4.896 loading class java/lang/Math$RandomNumberGeneratorHolder done
Event: 4.913 loading class java/nio/DirectFloatBufferU
Event: 4.913 loading class java/nio/DirectFloatBufferU done
Event: 4.941 Executing VM operation: RevokeBias
Event: 4.941 Executing VM operation: RevokeBias done
Event: 4.965 loading class jogamp/nativewindow/jawt/macosx/MacOSXJAWTWindow$3
Event: 4.965 loading class jogamp/nativewindow/jawt/macosx/MacOSXJAWTWindow$3 done
Event: 4.965 Executing VM operation: RevokeBias
Event: 4.966 Executing VM operation: RevokeBias done


Dynamic libraries:
0x000000000b5c4000 	/System/Library/Frameworks/Cocoa.framework/Versions/A/Cocoa
0x000000000b5c4000 	/System/Library/Frameworks/Security.framework/Versions/A/Security
0x000000000b5c4000 	/System/Library/Frameworks/ApplicationServices.framework/Versions/A/ApplicationServices
0x000000000b5c4000 	/usr/lib/libz.1.dylib
0x000000000b5c4000 	/usr/lib/libSystem.B.dylib
0x000000000b5c4000 	/usr/lib/libobjc.A.dylib
0x000000000b5c4000 	/System/Library/Frameworks/CoreFoundation.framework/Versions/A/CoreFoundation
0x000000000b5c4000 	/System/Library/Frameworks/Foundation.framework/Versions/C/Foundation
0x000000000b5c4000 	/System/Library/Frameworks/AppKit.framework/Versions/C/AppKit
0x000000000b5c4000 	/System/Library/Frameworks/CoreData.framework/Versions/A/CoreData
0x000000000b5c4000 	/System/Library/PrivateFrameworks/RemoteViewServices.framework/Versions/A/RemoteViewServices
0x000000000b5c4000 	/System/Library/PrivateFrameworks/UIFoundation.framework/Versions/A/UIFoundation
0x000000000b5c4000 	/System/Library/Frameworks/IOSurface.framework/Versions/A/IOSurface
0x000000000b5c4000 	/System/Library/Frameworks/AudioToolbox.framework/Versions/A/AudioToolbox
0x000000000b5c4000 	/System/Library/Frameworks/AudioUnit.framework/Versions/A/AudioUnit
0x000000000b5c4000 	/System/Library/PrivateFrameworks/DataDetectorsCore.framework/Versions/A/DataDetectorsCore
0x000000000b5c4000 	/System/Library/PrivateFrameworks/DesktopServicesPriv.framework/Versions/A/DesktopServicesPriv
0x000000000b5c4000 	/System/Library/Frameworks/Carbon.framework/Versions/A/Frameworks/HIToolbox.framework/Versions/A/HIToolbox
0x000000000b5c4000 	/System/Library/Frameworks/QuartzCore.framework/Versions/A/QuartzCore
0x000000000b5c4000 	/System/Library/Frameworks/Carbon.framework/Versions/A/Frameworks/SpeechRecognition.framework/Versions/A/SpeechRecognition
0x000000000b5c4000 	/usr/lib/libauto.dylib
0x000000000b5c4000 	/usr/lib/libicucore.A.dylib
0x000000000b5c4000 	/usr/lib/libxml2.2.dylib
0x000000000b5c4000 	/System/Library/PrivateFrameworks/CoreUI.framework/Versions/A/CoreUI
0x000000000b5c4000 	/System/Library/Frameworks/CoreAudio.framework/Versions/A/CoreAudio
0x000000000b5c4000 	/System/Library/Frameworks/DiskArbitration.framework/Versions/A/DiskArbitration
0x000000000b5c4000 	/usr/lib/liblangid.dylib
0x000000000b5c4000 	/System/Library/PrivateFrameworks/MultitouchSupport.framework/Versions/A/MultitouchSupport
0x000000000b5c4000 	/System/Library/Frameworks/IOKit.framework/Versions/A/IOKit
0x000000000b5c4000 	/usr/lib/libDiagnosticMessagesClient.dylib
0x000000000b5c4000 	/System/Library/Frameworks/CoreServices.framework/Versions/A/CoreServices
0x000000000b5c4000 	/System/Library/PrivateFrameworks/PerformanceAnalysis.framework/Versions/A/PerformanceAnalysis
0x000000000b5c4000 	/System/Library/PrivateFrameworks/GenerationalStorage.framework/Versions/A/GenerationalStorage
0x000000000b5c4000 	/System/Library/Frameworks/OpenGL.framework/Versions/A/OpenGL
0x000000000b5c4000 	/System/Library/PrivateFrameworks/Sharing.framework/Versions/A/Sharing
0x000000000b5c4000 	/System/Library/Frameworks/CoreGraphics.framework/Versions/A/CoreGraphics
0x000000000b5c4000 	/System/Library/Frameworks/CoreText.framework/Versions/A/CoreText
0x000000000b5c4000 	/System/Library/Frameworks/ImageIO.framework/Versions/A/ImageIO
0x000000000b5c4000 	/usr/lib/libextension.dylib
0x000000000b5c4000 	/System/Library/PrivateFrameworks/Backup.framework/Versions/A/Backup
0x000000000b5c4000 	/usr/lib/libarchive.2.dylib
0x000000000b5c4000 	/System/Library/Frameworks/CFNetwork.framework/Versions/A/CFNetwork
0x000000000b5c4000 	/System/Library/Frameworks/SystemConfiguration.framework/Versions/A/SystemConfiguration
0x000000000b5c4000 	/usr/lib/libCRFSuite.dylib
0x000000000b5c4000 	/usr/lib/libc++.1.dylib
0x000000000b5c4000 	/usr/lib/libc++abi.dylib
0x000000000b5c4000 	/usr/lib/system/libcache.dylib
0x000000000b5c4000 	/usr/lib/system/libcommonCrypto.dylib
0x000000000b5c4000 	/usr/lib/system/libcompiler_rt.dylib
0x000000000b5c4000 	/usr/lib/system/libcopyfile.dylib
0x000000000b5c4000 	/usr/lib/system/libcorecrypto.dylib
0x000000000b5c4000 	/usr/lib/system/libdispatch.dylib
0x000000000b5c4000 	/usr/lib/system/libdyld.dylib
0x000000000b5c4000 	/usr/lib/system/libkeymgr.dylib
0x000000000b5c4000 	/usr/lib/system/liblaunch.dylib
0x000000000b5c4000 	/usr/lib/system/libmacho.dylib
0x000000000b5c4000 	/usr/lib/system/libquarantine.dylib
0x000000000b5c4000 	/usr/lib/system/libremovefile.dylib
0x000000000b5c4000 	/usr/lib/system/libsystem_asl.dylib
0x000000000b5c4000 	/usr/lib/system/libsystem_blocks.dylib
0x000000000b5c4000 	/usr/lib/system/libsystem_c.dylib
0x000000000b5c4000 	/usr/lib/system/libsystem_configuration.dylib
0x000000000b5c4000 	/usr/lib/system/libsystem_coreservices.dylib
0x000000000b5c4000 	/usr/lib/system/libsystem_coretls.dylib
0x000000000b5c4000 	/usr/lib/system/libsystem_dnssd.dylib
0x000000000b5c4000 	/usr/lib/system/libsystem_info.dylib
0x000000000b5c4000 	/usr/lib/system/libsystem_kernel.dylib
0x000000000b5c4000 	/usr/lib/system/libsystem_m.dylib
0x000000000b5c4000 	/usr/lib/system/libsystem_malloc.dylib
0x000000000b5c4000 	/usr/lib/system/libsystem_network.dylib
0x000000000b5c4000 	/usr/lib/system/libsystem_networkextension.dylib
0x000000000b5c4000 	/usr/lib/system/libsystem_notify.dylib
0x000000000b5c4000 	/usr/lib/system/libsystem_platform.dylib
0x000000000b5c4000 	/usr/lib/system/libsystem_pthread.dylib
0x000000000b5c4000 	/usr/lib/system/libsystem_sandbox.dylib
0x000000000b5c4000 	/usr/lib/system/libsystem_secinit.dylib
0x000000000b5c4000 	/usr/lib/system/libsystem_stats.dylib
0x000000000b5c4000 	/usr/lib/system/libsystem_trace.dylib
0x000000000b5c4000 	/usr/lib/system/libunc.dylib
0x000000000b5c4000 	/usr/lib/system/libunwind.dylib
0x000000000b5c4000 	/usr/lib/system/libxpc.dylib
0x000000000b5c4000 	/usr/lib/libbz2.1.0.dylib
0x000000000b5c4000 	/usr/lib/liblzma.5.dylib
0x000000000b5c4000 	/usr/lib/libbsm.0.dylib
0x000000000b5c4000 	/usr/lib/libsqlite3.dylib
0x000000000b5c4000 	/usr/lib/system/libkxld.dylib
0x000000000b5c4000 	/usr/lib/libxar.1.dylib
0x000000000b5c4000 	/usr/lib/libpam.2.dylib
0x000000000b5c4000 	/usr/lib/libOpenScriptingUtil.dylib
0x000000000b5c4000 	/System/Library/Frameworks/CoreServices.framework/Versions/A/Frameworks/FSEvents.framework/Versions/A/FSEvents
0x000000000b5c4000 	/System/Library/Frameworks/CoreServices.framework/Versions/A/Frameworks/CarbonCore.framework/Versions/A/CarbonCore
0x000000000b5c4000 	/System/Library/Frameworks/CoreServices.framework/Versions/A/Frameworks/Metadata.framework/Versions/A/Metadata
0x000000000b5c4000 	/System/Library/Frameworks/CoreServices.framework/Versions/A/Frameworks/OSServices.framework/Versions/A/OSServices
0x000000000b5c4000 	/System/Library/Frameworks/CoreServices.framework/Versions/A/Frameworks/SearchKit.framework/Versions/A/SearchKit
0x000000000b5c4000 	/System/Library/Frameworks/CoreServices.framework/Versions/A/Frameworks/AE.framework/Versions/A/AE
0x000000000b5c4000 	/System/Library/Frameworks/CoreServices.framework/Versions/A/Frameworks/LaunchServices.framework/Versions/A/LaunchServices
0x000000000b5c4000 	/System/Library/Frameworks/CoreServices.framework/Versions/A/Frameworks/DictionaryServices.framework/Versions/A/DictionaryServices
0x000000000b5c4000 	/System/Library/Frameworks/NetFS.framework/Versions/A/NetFS
0x000000000b5c4000 	/System/Library/PrivateFrameworks/NetAuth.framework/Versions/A/NetAuth
0x000000000b5c4000 	/System/Library/PrivateFrameworks/login.framework/Versions/A/Frameworks/loginsupport.framework/Versions/A/loginsupport
0x000000000b5c4000 	/System/Library/PrivateFrameworks/TCC.framework/Versions/A/TCC
0x000000000b5c4000 	/usr/lib/libmecabra.dylib
0x000000000b5c4000 	/System/Library/Frameworks/ApplicationServices.framework/Versions/A/Frameworks/ATS.framework/Versions/A/ATS
0x000000000b5c4000 	/System/Library/Frameworks/ApplicationServices.framework/Versions/A/Frameworks/ColorSync.framework/Versions/A/ColorSync
0x000000000b5c4000 	/System/Library/Frameworks/ApplicationServices.framework/Versions/A/Frameworks/HIServices.framework/Versions/A/HIServices
0x000000000b5c4000 	/System/Library/Frameworks/ApplicationServices.framework/Versions/A/Frameworks/LangAnalysis.framework/Versions/A/LangAnalysis
0x000000000b5c4000 	/System/Library/Frameworks/ApplicationServices.framework/Versions/A/Frameworks/PrintCore.framework/Versions/A/PrintCore
0x000000000b5c4000 	/System/Library/Frameworks/ApplicationServices.framework/Versions/A/Frameworks/QD.framework/Versions/A/QD
0x000000000b5c4000 	/System/Library/Frameworks/ApplicationServices.framework/Versions/A/Frameworks/SpeechSynthesis.framework/Versions/A/SpeechSynthesis
0x000000000b5c4000 	/System/Library/Frameworks/Accelerate.framework/Versions/A/Accelerate
0x000000000b5c4000 	/System/Library/Frameworks/Accelerate.framework/Versions/A/Frameworks/vImage.framework/Versions/A/vImage
0x000000000b5c4000 	/System/Library/Frameworks/Accelerate.framework/Versions/A/Frameworks/vecLib.framework/Versions/A/vecLib
0x000000000b5c4000 	/System/Library/Frameworks/Accelerate.framework/Versions/A/Frameworks/vecLib.framework/Versions/A/libvDSP.dylib
0x000000000b5c4000 	/System/Library/Frameworks/Accelerate.framework/Versions/A/Frameworks/vecLib.framework/Versions/A/libvMisc.dylib
0x000000000b5c4000 	/System/Library/Frameworks/Accelerate.framework/Versions/A/Frameworks/vecLib.framework/Versions/A/libLAPACK.dylib
0x000000000b5c4000 	/System/Library/Frameworks/Accelerate.framework/Versions/A/Frameworks/vecLib.framework/Versions/A/libBLAS.dylib
0x000000000b5c4000 	/System/Library/Frameworks/Accelerate.framework/Versions/A/Frameworks/vecLib.framework/Versions/A/libLinearAlgebra.dylib
0x000000000b5c4000 	/System/Library/Frameworks/ApplicationServices.framework/Versions/A/Frameworks/ATS.framework/Versions/A/Resources/libFontParser.dylib
0x000000000b5c4000 	/System/Library/Frameworks/ApplicationServices.framework/Versions/A/Frameworks/ATS.framework/Versions/A/Resources/libFontRegistry.dylib
0x000000000b5c4000 	/System/Library/PrivateFrameworks/AppleVPA.framework/Versions/A/AppleVPA
0x000000000b5c4000 	/System/Library/PrivateFrameworks/AppleJPEG.framework/Versions/A/AppleJPEG
0x000000000b5c4000 	/System/Library/Frameworks/ImageIO.framework/Versions/A/Resources/libJPEG.dylib
0x000000000b5c4000 	/System/Library/Frameworks/ImageIO.framework/Versions/A/Resources/libTIFF.dylib
0x000000000b5c4000 	/System/Library/Frameworks/ImageIO.framework/Versions/A/Resources/libPng.dylib
0x000000000b5c4000 	/System/Library/Frameworks/ImageIO.framework/Versions/A/Resources/libGIF.dylib
0x000000000b5c4000 	/System/Library/Frameworks/ImageIO.framework/Versions/A/Resources/libJP2.dylib
0x000000000b5c4000 	/System/Library/Frameworks/ImageIO.framework/Versions/A/Resources/libRadiance.dylib
0x000000000b5c4000 	/System/Library/Frameworks/CoreVideo.framework/Versions/A/CoreVideo
0x000000000b5c4000 	/System/Library/Frameworks/OpenGL.framework/Versions/A/Libraries/libGLU.dylib
0x000000000b5c4000 	/System/Library/Frameworks/OpenGL.framework/Versions/A/Libraries/libGFXShared.dylib
0x000000000b5c4000 	/System/Library/Frameworks/OpenGL.framework/Versions/A/Libraries/libGL.dylib
0x000000000b5c4000 	/System/Library/Frameworks/OpenGL.framework/Versions/A/Libraries/libGLImage.dylib
0x000000000b5c4000 	/System/Library/Frameworks/OpenGL.framework/Versions/A/Libraries/libCVMSPluginSupport.dylib
0x000000000b5c4000 	/System/Library/Frameworks/OpenGL.framework/Versions/A/Libraries/libCoreVMClient.dylib
0x000000000b5c4000 	/usr/lib/libcups.2.dylib
0x000000000b5c4000 	/System/Library/Frameworks/Kerberos.framework/Versions/A/Kerberos
0x000000000b5c4000 	/System/Library/Frameworks/GSS.framework/Versions/A/GSS
0x000000000b5c4000 	/usr/lib/libresolv.9.dylib
0x000000000b5c4000 	/usr/lib/libiconv.2.dylib
0x000000000b5c4000 	/System/Library/PrivateFrameworks/Heimdal.framework/Versions/A/Heimdal
0x000000000b5c4000 	/usr/lib/libheimdal-asn1.dylib
0x000000000b5c4000 	/System/Library/Frameworks/OpenDirectory.framework/Versions/A/OpenDirectory
0x000000000b5c4000 	/System/Library/PrivateFrameworks/CommonAuth.framework/Versions/A/CommonAuth
0x000000000b5c4000 	/System/Library/Frameworks/OpenDirectory.framework/Versions/A/Frameworks/CFOpenDirectory.framework/Versions/A/CFOpenDirectory
0x000000000b5c4000 	/System/Library/Frameworks/SecurityFoundation.framework/Versions/A/SecurityFoundation
0x000000000b5c4000 	/System/Library/PrivateFrameworks/LanguageModeling.framework/Versions/A/LanguageModeling
0x000000000b5c4000 	/usr/lib/libcmph.dylib
0x000000000b5c4000 	/System/Library/Frameworks/ServiceManagement.framework/Versions/A/ServiceManagement
0x000000000b5c4000 	/usr/lib/libxslt.1.dylib
0x000000000b5c4000 	/System/Library/Frameworks/Carbon.framework/Versions/A/Frameworks/Ink.framework/Versions/A/Ink
0x000000000b5c4000 	/System/Library/Frameworks/QuartzCore.framework/Versions/A/Frameworks/CoreImage.framework/Versions/A/CoreImage
0x000000000b5c4000 	/System/Library/PrivateFrameworks/CrashReporterSupport.framework/Versions/A/CrashReporterSupport
0x000000000b5c4000 	/System/Library/Frameworks/OpenCL.framework/Versions/A/OpenCL
0x000000000b5c4000 	/System/Library/PrivateFrameworks/FaceCore.framework/Versions/A/FaceCore
0x000000000b5c4000 	/System/Library/PrivateFrameworks/Ubiquity.framework/Versions/A/Ubiquity
0x000000000b5c4000 	/System/Library/PrivateFrameworks/IconServices.framework/Versions/A/IconServices
0x000000000b5c4000 	/System/Library/PrivateFrameworks/ChunkingLibrary.framework/Versions/A/ChunkingLibrary
0x000000000b5c4000 	/System/Library/PrivateFrameworks/Apple80211.framework/Versions/A/Apple80211
0x000000000b5c4000 	/System/Library/Frameworks/CoreWLAN.framework/Versions/A/CoreWLAN
0x000000000b5c4000 	/System/Library/Frameworks/IOBluetooth.framework/Versions/A/IOBluetooth
0x000000000b5c4000 	/System/Library/PrivateFrameworks/CoreWiFi.framework/Versions/A/CoreWiFi
0x000000000b5c4000 	/System/Library/Frameworks/CoreBluetooth.framework/Versions/A/CoreBluetooth
0x000000000b5c4000 	/System/Library/PrivateFrameworks/DebugSymbols.framework/Versions/A/DebugSymbols
0x000000000b5c4000 	/System/Library/PrivateFrameworks/CoreSymbolication.framework/Versions/A/CoreSymbolication
0x000000000b5c4000 	/System/Library/PrivateFrameworks/Symbolication.framework/Versions/A/Symbolication
0x000000000b5c4000 	/System/Library/PrivateFrameworks/SpeechRecognitionCore.framework/Versions/A/SpeechRecognitionCore
0x000000010e9d9000 	/Library/Java/JavaVirtualMachines/jdk1.8.0_31.jdk/Contents/Home/jre/lib/server/libjvm.dylib
0x000000000b5c4000 	/usr/lib/libstdc++.6.dylib
0x000000010fe13000 	/Library/Java/JavaVirtualMachines/jdk1.8.0_31.jdk/Contents/Home/jre/lib/libverify.dylib
0x000000010fe21000 	/Library/Java/JavaVirtualMachines/jdk1.8.0_31.jdk/Contents/Home/jre/lib/libjava.dylib
0x000000010fe5e000 	/Library/Java/JavaVirtualMachines/jdk1.8.0_31.jdk/Contents/Home/jre/lib/libzip.dylib
0x00000001e58a1000 	/System/Library/Frameworks/JavaVM.framework/Frameworks/JavaRuntimeSupport.framework/JavaRuntimeSupport
0x00000001e58b7000 	/System/Library/Frameworks/JavaVM.framework/Versions/A/Frameworks/JavaNativeFoundation.framework/Versions/A/JavaNativeFoundation
0x00000001e58cb000 	/System/Library/Frameworks/JavaVM.framework/Versions/A/JavaVM
0x000000000b5c4000 	/System/Library/Frameworks/Carbon.framework/Versions/A/Carbon
0x00000001e58d7000 	/System/Library/PrivateFrameworks/JavaLaunching.framework/Versions/A/JavaLaunching
0x000000000b5c4000 	/System/Library/Frameworks/Carbon.framework/Versions/A/Frameworks/CommonPanels.framework/Versions/A/CommonPanels
0x000000000b5c4000 	/System/Library/Frameworks/Carbon.framework/Versions/A/Frameworks/Help.framework/Versions/A/Help
0x000000000b5c4000 	/System/Library/Frameworks/Carbon.framework/Versions/A/Frameworks/ImageCapture.framework/Versions/A/ImageCapture
0x000000000b5c4000 	/System/Library/Frameworks/Carbon.framework/Versions/A/Frameworks/OpenScripting.framework/Versions/A/OpenScripting
0x000000000b5c4000 	/System/Library/Frameworks/Carbon.framework/Versions/A/Frameworks/Print.framework/Versions/A/Print
0x000000000b5c4000 	/System/Library/Frameworks/Carbon.framework/Versions/A/Frameworks/SecurityHI.framework/Versions/A/SecurityHI
0x00000001e763e000 	/Library/Java/JavaVirtualMachines/jdk1.8.0_31.jdk/Contents/Home/jre/lib/libnet.dylib
0x00000001e769d000 	/Library/Java/JavaVirtualMachines/jdk1.8.0_31.jdk/Contents/Home/jre/lib/libnio.dylib
0x00000001e76ae000 	/private/var/folders/h8/016_t5px16701fr1kp5lzs_40000gn/T/jogamp_0000/file_cache/jln5906981905134491933/jln4785224476418439802/libgluegen-rt.jnilib
0x00000001e76b8000 	/Library/Java/JavaVirtualMachines/jdk1.8.0_31.jdk/Contents/Home/jre/lib/libawt.dylib
0x00000001e7767000 	/Library/Java/JavaVirtualMachines/jdk1.8.0_31.jdk/Contents/Home/jre/lib/./libmlib_image.dylib
0x00000001e7833000 	/Library/Java/JavaVirtualMachines/jdk1.8.0_31.jdk/Contents/Home/jre/lib/libawt_lwawt.dylib
0x00000001e78e6000 	/Library/Java/JavaVirtualMachines/jdk1.8.0_31.jdk/Contents/Home/jre/lib/./libosxapp.dylib
0x000000000b5c4000 	/System/Library/Frameworks/ExceptionHandling.framework/Versions/A/ExceptionHandling
0x000000000b5c4000 	/System/Library/PrivateFrameworks/CoreServicesInternal.framework/Versions/A/CoreServicesInternal
0x000000000b5c4000 	/System/Library/PrivateFrameworks/CloudDocs.framework/Versions/A/CloudDocs
0x000000000b5c4000 	/System/Library/PrivateFrameworks/CoreDuet.framework/Versions/A/CoreDuet
0x000000000b5c4000 	/System/Library/Frameworks/CloudKit.framework/Versions/A/CloudKit
0x000000000b5c4000 	/System/Library/PrivateFrameworks/ProtocolBuffer.framework/Versions/A/ProtocolBuffer
0x000000000b5c4000 	/System/Library/PrivateFrameworks/CoreDuetDaemonProtocol.framework/Versions/A/CoreDuetDaemonProtocol
0x000000000b5c4000 	/System/Library/PrivateFrameworks/CoreDuetDebugLogging.framework/Versions/A/CoreDuetDebugLogging
0x000000000b5c4000 	/System/Library/Frameworks/CoreLocation.framework/Versions/A/CoreLocation
0x000000000b5c4000 	/System/Library/Frameworks/Accounts.framework/Versions/A/Accounts
0x000000000b5c4000 	/System/Library/PrivateFrameworks/ApplePushService.framework/Versions/A/ApplePushService
0x000000000b5c4000 	/System/Library/PrivateFrameworks/GeoServices.framework/Versions/A/GeoServices
0x000000000b5c4000 	/System/Library/PrivateFrameworks/OAuth.framework/Versions/A/OAuth
0x000000000b5c4000 	/System/Library/PrivateFrameworks/CoreDaemon.framework/Versions/B/CoreDaemon
0x000000000b5c4000 	/usr/lib/libcrypto.0.9.8.dylib
0x000000000b5c4000 	/System/Library/PrivateFrameworks/AppleSRP.framework/Versions/A/AppleSRP
0x000000000b5c4000 	/System/Library/PrivateFrameworks/TrustEvaluationAgent.framework/Versions/A/TrustEvaluationAgent
0x000000000b5c4000 	/System/Library/Frameworks/CoreGraphics.framework/Versions/A/Resources/libCGCMS.A.dylib
0x000000000b5c4000 	/System/Library/Frameworks/CoreGraphics.framework/Versions/A/Resources/libRIP.A.dylib
0x000000000b5c4000 	/System/Library/Frameworks/CoreGraphics.framework/Versions/A/Resources/libCGXType.A.dylib
0x000000000b5c4000 	/System/Library/Frameworks/OpenCL.framework/Versions/A/Libraries/libcldcpuengine.dylib
0x000000000b5c4000 	/System/Library/PrivateFrameworks/DiskImages.framework/Versions/A/DiskImages
0x000000000b5c4000 	/System/Library/Frameworks/DiscRecording.framework/Versions/A/DiscRecording
0x000000000b5c4000 	/usr/lib/libcsfde.dylib
0x000000000b5c4000 	/usr/lib/libcurl.4.dylib
0x000000000b5c4000 	/System/Library/PrivateFrameworks/MediaKit.framework/Versions/A/MediaKit
0x000000000b5c4000 	/System/Library/PrivateFrameworks/ProtectedCloudStorage.framework/Versions/A/ProtectedCloudStorage
0x000000000b5c4000 	/usr/lib/libCoreStorage.dylib
0x000000000b5c4000 	/System/Library/PrivateFrameworks/EFILogin.framework/Versions/A/EFILogin
0x000000000b5c4000 	/usr/lib/libutil.dylib
0x000000000b5c4000 	/System/Library/PrivateFrameworks/FindMyDevice.framework/Versions/A/FindMyDevice
0x000000000b5c4000 	/System/Library/Frameworks/LDAP.framework/Versions/A/LDAP
0x000000000b5c4000 	/usr/lib/libsasl2.2.dylib
0x00000001ea4f6000 	cl_kernels
0x00000001ea4f8000 	/System/Library/Frameworks/OpenCL.framework/Versions/A/Libraries/ImageFormats/unorm8_bgra.dylib
0x00000001ea4e7000 	cl_kernels
0x000000000b5c4000 	/System/Library/PrivateFrameworks/FamilyControls.framework/Versions/A/FamilyControls
0x000000000b5c4000 	/System/Library/PrivateFrameworks/CommerceKit.framework/Versions/A/Frameworks/CommerceCore.framework/Versions/A/CommerceCore
0x000000000b5c4000 	/System/Library/PrivateFrameworks/SystemAdministration.framework/Versions/A/SystemAdministration
0x000000000b5c4000 	/System/Library/PrivateFrameworks/AppContainer.framework/Versions/A/AppContainer
0x000000000b5c4000 	/System/Library/PrivateFrameworks/SecCodeWrapper.framework/Versions/A/SecCodeWrapper
0x000000000b5c4000 	/System/Library/Frameworks/DirectoryService.framework/Versions/A/DirectoryService
0x000000000b5c4000 	/System/Library/PrivateFrameworks/LoginUIKit.framework/Versions/A/Frameworks/LoginUICore.framework/Versions/A/LoginUICore
0x000000000b5c4000 	/usr/lib/libodfde.dylib
0x00000001ebc9d000 	/Library/Java/JavaVirtualMachines/jdk1.8.0_31.jdk/Contents/Home/jre/lib/libfontmanager.dylib
0x00000001e9a38000 	/private/var/folders/h8/016_t5px16701fr1kp5lzs_40000gn/T/jogamp_0000/file_cache/jln5906981905134491933/jln4785224476418439802/libnativewindow_awt.jnilib
0x00000001e9a3b000 	/Library/Java/JavaVirtualMachines/jdk1.8.0_31.jdk/Contents/Home/jre/lib/libjawt.dylib
0x000000000b5c4000 	/System/Library/Frameworks/OpenGL.framework/Versions/A/Resources/GLEngine.bundle/GLEngine
0x000000000b5c4000 	/System/Library/Frameworks/OpenGL.framework/Versions/A/Libraries/libGLProgrammability.dylib
0x0000000000000000 	/System/Library/Extensions/GeForceTeslaGLDriver.bundle/Contents/MacOS/GeForceTeslaGLDriver
0x00000001ebe07000 	/System/Library/Extensions/GeForceTeslaGLDriver.bundle/Contents/MacOS/libclh.dylib
0x00000001eb94a000 	/System/Library/PrivateFrameworks/GPUSupport.framework/Versions/A/Libraries/libGPUSupport.dylib
0x000000000b5c4000 	/System/Library/Frameworks/OpenGL.framework/Versions/A/Resources/GLRendererFloat.bundle/GLRendererFloat
0x00000001ecd79000 	/private/var/folders/h8/016_t5px16701fr1kp5lzs_40000gn/T/jogamp_0000/file_cache/jln5906981905134491933/jln4785224476418439802/libnativewindow_macosx.jnilib
0x00000001ed01b000 	/private/var/folders/h8/016_t5px16701fr1kp5lzs_40000gn/T/jogamp_0000/file_cache/jln5906981905134491933/jln4785224476418439802/libjogl_desktop.jnilib

VM Arguments:
jvm_args: -Dfile.encoding=UTF-8 
java_command: main.Main
java_class_path (initial): /Users/gcaraciolo/Documents/projetos/github/Computacao-Grafica/rasterization/bin:/Users/gcaraciolo/Documents/workspace/jogamp-all-platforms/jar/gluegen-rt.jar:/Users/gcaraciolo/Documents/workspace/jogamp-all-platforms/jar/jogl-all.jar
Launcher Type: SUN_STANDARD

Environment Variables:
PATH=/usr/bin:/bin:/usr/sbin:/sbin
SHELL=/bin/zsh
DISPLAY=/private/tmp/com.apple.launchd.hUGgNvwkqN/org.macosforge.xquartz:0

Signal Handlers:
SIGSEGV: [libjvm.dylib+0x57a0e7], sa_mask[0]=11111111011111110111111111111111, sa_flags=SA_ONSTACK|SA_RESTART|SA_SIGINFO
SIGBUS: [libjvm.dylib+0x57a0e7], sa_mask[0]=11111111011111110111111111111111, sa_flags=SA_RESTART|SA_SIGINFO
SIGFPE: [libjvm.dylib+0x45af24], sa_mask[0]=11111111011111110111111111111111, sa_flags=SA_RESTART|SA_SIGINFO
SIGPIPE: [libjvm.dylib+0x45af24], sa_mask[0]=11111111011111110111111111111111, sa_flags=SA_RESTART|SA_SIGINFO
SIGXFSZ: [libjvm.dylib+0x45af24], sa_mask[0]=11111111011111110111111111111111, sa_flags=SA_RESTART|SA_SIGINFO
SIGILL: [libjvm.dylib+0x45af24], sa_mask[0]=11111111011111110111111111111111, sa_flags=SA_RESTART|SA_SIGINFO
SIGUSR1: SIG_DFL, sa_mask[0]=00000000000000000000000000000000, sa_flags=none
SIGUSR2: [libjvm.dylib+0x45aa42], sa_mask[0]=00100000000000000000000000000000, sa_flags=SA_RESTART|SA_SIGINFO
SIGHUP: [libjvm.dylib+0x459015], sa_mask[0]=11111111011111110111111111111111, sa_flags=SA_RESTART|SA_SIGINFO
SIGINT: [libjvm.dylib+0x459015], sa_mask[0]=11111111011111110111111111111111, sa_flags=SA_RESTART|SA_SIGINFO
SIGTERM: [libjvm.dylib+0x459015], sa_mask[0]=11111111011111110111111111111111, sa_flags=SA_RESTART|SA_SIGINFO
SIGQUIT: [libjvm.dylib+0x459015], sa_mask[0]=11111111011111110111111111111111, sa_flags=SA_RESTART|SA_SIGINFO


---------------  S Y S T E M  ---------------

OS:Bsduname:Darwin 14.1.0 Darwin Kernel Version 14.1.0: Thu Feb 26 19:26:47 PST 2015; root:xnu-2782.10.73~1/RELEASE_X86_64 x86_64
rlimit: STACK 8192k, CORE 0k, NPROC 709, NOFILE 10240, AS infinity
load average:1.64 1.83 2.02

CPU:total 2 (2 cores per cpu, 1 threads per core) family 6 model 23 stepping 10, cmov, cx8, fxsr, mmx, sse, sse2, sse3, ssse3, sse4.1, tsc

Memory: 4k page, physical 8388608k(1410444k free)

/proc/meminfo:


vm_info: Java HotSpot(TM) 64-Bit Server VM (25.31-b07) for bsd-amd64 JRE (1.8.0_31-b13), built on Dec 17 2014 20:45:36 by "java_re" with gcc 4.2.1 (Based on Apple Inc. build 5658) (LLVM build 2336.11.00)

time: Wed Mar 18 13:52:21 2015
elapsed time: 5 seconds (0d 0h 0m 5s)

