#
# A fatal error has been detected by the Java Runtime Environment:
#
#  SIGSEGV (0xb) at pc=0x00007fff9007af93, pid=4181, tid=53763
#
# JRE version: Java(TM) SE Runtime Environment (8.0_31-b13) (build 1.8.0_31-b13)
# Java VM: Java HotSpot(TM) 64-Bit Server VM (25.31-b07 mixed mode bsd-amd64 compressed oops)
# Problematic frame:
# C  [GLEngine+0x15bf93]  gleRunVertexSubmitImmediate+0x27e3
#
# Failed to write core dump. Core dumps have been disabled. To enable core dumping, try "ulimit -c unlimited" before starting Java again
#
# If you would like to submit a bug report, please visit:
#   http://bugreport.java.com/bugreport/crash.jsp
# The crash happened outside the Java Virtual Machine in native code.
# See problematic frame for where to report the bug.
#

---------------  T H R E A D  ---------------

Current thread (0x00007fea24ba9000):  JavaThread "AWT-EventQueue-0" [_thread_in_native, id=53763, stack(0x000000011fb85000,0x000000011fc85000)]

siginfo: si_signo: 11 (SIGSEGV), si_code: 1 (SEGV_MAPERR), si_addr: 0x0000000000000000

Registers:
RAX=0x00007fff9007ac5f, RBX=0x0000000000000006, RCX=0x0000000000000000, RDX=0x00007fff9007b468
RSP=0x000000011fc82050, RBP=0x000000011fc822a0, RSI=0x0000000000000006, RDI=0x0000000000000027
R8 =0x0000000001841800, R9 =0x00007fea26083800, R10=0x00007fea23ec2c70, R11=0x00007fea26083800
R12=0x0000000000000004, R13=0x0000000000809804, R14=0x00007fea26083800, R15=0x0000000000000001
RIP=0x00007fff9007af93, EFLAGS=0x0000000000010206, ERR=0x0000000000000004
  TRAPNO=0x000000000000000e

Top of Stack: (sp=0x000000011fc82050)
0x000000011fc82050:   00000000000000e6 0000000000000000
0x000000011fc82060:   0000000000000000 0000000000000000
0x000000011fc82070:   a200d3d258ab7a03 0000000000000000
0x000000011fc82080:   0000000122477000 00007fff963f5dd4
0x000000011fc82090:   0000000000000001 0000000000000000
0x000000011fc820a0:   000000011fc8211c 000000011fc82120
0x000000011fc820b0:   000000011fc82124 0000123441b57658
0x000000011fc820c0:   ffffffffffffffff 0001206800000040
0x000000011fc820d0:   0000123441b57670 0000123441b57658
0x000000011fc820e0:   0000000000000001 0000000000000001
0x000000011fc820f0:   0000123441b53d08 00007fea23c21ea0
0x000000011fc82100:   000000011fc82140 00007fff963f5b4e
0x000000011fc82110:   a200d3d258ab7a03 0001206800080010
0x000000011fc82120:   00007fea26083940 00007fea26083970
0x000000011fc82130:   00007fea26083950 00007fea26083980
0x000000011fc82140:   00007fea26083960 00007fea260839a0
0x000000011fc82150:   0000000000000000 0000000000000000
0x000000011fc82160:   fffffffe00000002 0000000122477000
0x000000011fc82170:   0000000000003083 0000000000000001
0x000000011fc82180:   ffffffff1fc82270 0000000000000001
0x000000011fc82190:   00007fea26083990 0000123441b53d08
0x000000011fc821a0:   0000000000000007 0000000122408000
0x000000011fc821b0:   0000003400000000 00007fff963f5dd4
0x000000011fc821c0:   0000000006106000 0000000000000000
0x000000011fc821d0:   000000011fc8224c 000000011fc82250
0x000000011fc821e0:   000000011fc82254 00007fea23ec2bd8
0x000000011fc821f0:   0000000000000000 0000000000000000
0x000000011fc82200:   0000000000000000 00007fea23ec2bd8
0x000000011fc82210:   0000000000000006 00007fea26083800
0x000000011fc82220:   0000000000000000 00007fea26083800
0x000000011fc82230:   0000000000000000 000000012062d3a0
0x000000011fc82240:   000000012062d460 0000000000000000 

Instructions: (pc=0x00007fff9007af93)
0x00007fff9007af73:   10 da 0f 14 c1 0f 16 c3 66 49 0f 7e c6 66 0f 6d
0x00007fff9007af83:   c0 66 49 0f 7e c7 bb 05 00 00 00 e9 bd 02 00 00
0x00007fff9007af93:   4c 8b 31 4c 8b 79 08 e9 2c f9 ff ff f3 0f 10 49
0x00007fff9007afa3:   08 f2 0f 10 01 66 0f 14 c1 66 49 0f 7e c6 66 0f 

Register to memory mapping:

RAX=0x00007fff9007ac5f: gleRunVertexSubmitImmediate+0x24af in /System/Library/Frameworks/OpenGL.framework/Versions/A/Resources/GLEngine.bundle/GLEngine at 0x00007fff8ff1f000
RBX=0x0000000000000006 is an unknown value
RCX=0x0000000000000000 is an unknown value
RDX=0x00007fff9007b468: gleRunVertexSubmitImmediate+0x2cb8 in /System/Library/Frameworks/OpenGL.framework/Versions/A/Resources/GLEngine.bundle/GLEngine at 0x00007fff8ff1f000
RSP=0x000000011fc82050 is pointing into the stack for thread: 0x00007fea24ba9000
RBP=0x000000011fc822a0 is pointing into the stack for thread: 0x00007fea24ba9000
RSI=0x0000000000000006 is an unknown value
RDI=0x0000000000000027 is an unknown value
R8 =0x0000000001841800 is an unknown value
R9 =0x00007fea26083800 is an unknown value
R10=0x00007fea23ec2c70 is an unknown value
R11=0x00007fea26083800 is an unknown value
R12=0x0000000000000004 is an unknown value
R13=0x0000000000809804 is an unknown value
R14=0x00007fea26083800 is an unknown value
R15=0x0000000000000001 is an unknown value


Stack: [0x000000011fb85000,0x000000011fc85000],  sp=0x000000011fc82050,  free space=1012k
Native frames: (J=compiled Java code, j=interpreted, Vv=VM code, C=native code)
C  [GLEngine+0x15bf93]  gleRunVertexSubmitImmediate+0x27e3
C  [GLEngine+0x288ce]  glDrawArrays_Exec+0x272
C  [libjogl_desktop.jnilib+0x23410]  Java_jogamp_opengl_gl4_GL4bcImpl_dispatch_1glDrawArrays1__IIIJ+0x40
j  jogamp.opengl.gl4.GL4bcImpl.dispatch_glDrawArrays1(IIIJ)V+0
j  jogamp.opengl.gl4.GL4bcImpl.glDrawArrays(III)V+51
j  model.ShaderTest.display(Ljavax/media/opengl/GLAutoDrawable;)V+50
j  jogamp.opengl.GLDrawableHelper.displayImpl(Ljavax/media/opengl/GLAutoDrawable;)V+81
j  jogamp.opengl.GLDrawableHelper.display(Ljavax/media/opengl/GLAutoDrawable;)V+2
j  javax.media.opengl.awt.GLCanvas$10.run()V+118
j  jogamp.opengl.GLDrawableHelper.invokeGLImpl(Ljavax/media/opengl/GLDrawable;Ljavax/media/opengl/GLContext;Ljava/lang/Runnable;Ljava/lang/Runnable;)V+203
j  jogamp.opengl.GLDrawableHelper.invokeGL(Ljavax/media/opengl/GLDrawable;Ljavax/media/opengl/GLContext;Ljava/lang/Runnable;Ljava/lang/Runnable;)V+72
j  javax.media.opengl.awt.GLCanvas$11.run()V+73
j  javax.media.opengl.Threading.invoke(ZLjava/lang/Runnable;Ljava/lang/Object;)V+27
j  javax.media.opengl.awt.GLCanvas.display()V+64
j  javax.media.opengl.awt.GLCanvas.paint(Ljava/awt/Graphics;)V+137
j  javax.media.opengl.awt.GLCanvas.update(Ljava/awt/Graphics;)V+2
j  sun.awt.RepaintArea.updateComponent(Ljava/awt/Component;Ljava/awt/Graphics;)V+6
j  sun.lwawt.LWRepaintArea.updateComponent(Ljava/awt/Component;Ljava/awt/Graphics;)V+7
j  sun.awt.RepaintArea.paint(Ljava/lang/Object;Z)V+263
j  sun.lwawt.LWComponentPeer.handleJavaPaintEvent()V+19
j  sun.lwawt.LWComponentPeer.handleEvent(Ljava/awt/AWTEvent;)V+84
j  java.awt.Component.dispatchEventImpl(Ljava/awt/AWTEvent;)V+877
j  java.awt.Component.dispatchEvent(Ljava/awt/AWTEvent;)V+2
j  java.awt.EventQueue.dispatchEventImpl(Ljava/awt/AWTEvent;Ljava/lang/Object;)V+41
j  java.awt.EventQueue.access$500(Ljava/awt/EventQueue;Ljava/awt/AWTEvent;Ljava/lang/Object;)V+3
j  java.awt.EventQueue$3.run()Ljava/lang/Void;+32
j  java.awt.EventQueue$3.run()Ljava/lang/Object;+1
v  ~StubRoutines::call_stub
V  [libjvm.dylib+0x2d4442]  JavaCalls::call_helper(JavaValue*, methodHandle*, JavaCallArguments*, Thread*)+0x6ae
V  [libjvm.dylib+0x32ade2]  JVM_DoPrivileged+0x4b8
j  java.security.AccessController.doPrivileged(Ljava/security/PrivilegedAction;Ljava/security/AccessControlContext;)Ljava/lang/Object;+0
j  java.security.ProtectionDomain$1.doIntersectionPrivilege(Ljava/security/PrivilegedAction;Ljava/security/AccessControlContext;Ljava/security/AccessControlContext;)Ljava/lang/Object;+28
j  java.security.ProtectionDomain$1.doIntersectionPrivilege(Ljava/security/PrivilegedAction;Ljava/security/AccessControlContext;)Ljava/lang/Object;+6
j  java.awt.EventQueue$4.run()Ljava/lang/Void;+11
j  java.awt.EventQueue$4.run()Ljava/lang/Object;+1
v  ~StubRoutines::call_stub
V  [libjvm.dylib+0x2d4442]  JavaCalls::call_helper(JavaValue*, methodHandle*, JavaCallArguments*, Thread*)+0x6ae
V  [libjvm.dylib+0x32ade2]  JVM_DoPrivileged+0x4b8
j  java.security.AccessController.doPrivileged(Ljava/security/PrivilegedAction;Ljava/security/AccessControlContext;)Ljava/lang/Object;+0
j  java.security.ProtectionDomain$1.doIntersectionPrivilege(Ljava/security/PrivilegedAction;Ljava/security/AccessControlContext;Ljava/security/AccessControlContext;)Ljava/lang/Object;+28
j  java.awt.EventQueue.dispatchEvent(Ljava/awt/AWTEvent;)V+73
j  java.awt.EventDispatchThread.pumpOneEventForFilters(I)V+245
j  java.awt.EventDispatchThread.pumpEventsForFilter(ILjava/awt/Conditional;Ljava/awt/EventFilter;)V+35
j  java.awt.EventDispatchThread.pumpEventsForHierarchy(ILjava/awt/Conditional;Ljava/awt/Component;)V+11
j  java.awt.EventDispatchThread.pumpEvents(ILjava/awt/Conditional;)V+4
j  java.awt.EventDispatchThread.pumpEvents(Ljava/awt/Conditional;)V+3
j  java.awt.EventDispatchThread.run()V+9
v  ~StubRoutines::call_stub
V  [libjvm.dylib+0x2d4442]  JavaCalls::call_helper(JavaValue*, methodHandle*, JavaCallArguments*, Thread*)+0x6ae
V  [libjvm.dylib+0x2d4bd0]  JavaCalls::call_virtual(JavaValue*, KlassHandle, Symbol*, Symbol*, JavaCallArguments*, Thread*)+0x164
V  [libjvm.dylib+0x2d4d7c]  JavaCalls::call_virtual(JavaValue*, Handle, KlassHandle, Symbol*, Symbol*, Thread*)+0x4a
V  [libjvm.dylib+0x32576f]  thread_entry(JavaThread*, Thread*)+0x7c
V  [libjvm.dylib+0x5360cf]  JavaThread::thread_main_inner()+0x9b
V  [libjvm.dylib+0x53780c]  JavaThread::run()+0x1c2
V  [libjvm.dylib+0x45d772]  java_start(Thread*)+0xf6
C  [libsystem_pthread.dylib+0x3268]  _pthread_body+0x83
C  [libsystem_pthread.dylib+0x31e5]  _pthread_body+0x0
C  [libsystem_pthread.dylib+0x141d]  thread_start+0xd
C  0x0000000000000000

Java frames: (J=compiled Java code, j=interpreted, Vv=VM code)
j  jogamp.opengl.gl4.GL4bcImpl.dispatch_glDrawArrays1(IIIJ)V+0
j  jogamp.opengl.gl4.GL4bcImpl.glDrawArrays(III)V+51
j  model.ShaderTest.display(Ljavax/media/opengl/GLAutoDrawable;)V+50
j  jogamp.opengl.GLDrawableHelper.displayImpl(Ljavax/media/opengl/GLAutoDrawable;)V+81
j  jogamp.opengl.GLDrawableHelper.display(Ljavax/media/opengl/GLAutoDrawable;)V+2
j  javax.media.opengl.awt.GLCanvas$10.run()V+118
j  jogamp.opengl.GLDrawableHelper.invokeGLImpl(Ljavax/media/opengl/GLDrawable;Ljavax/media/opengl/GLContext;Ljava/lang/Runnable;Ljava/lang/Runnable;)V+203
j  jogamp.opengl.GLDrawableHelper.invokeGL(Ljavax/media/opengl/GLDrawable;Ljavax/media/opengl/GLContext;Ljava/lang/Runnable;Ljava/lang/Runnable;)V+72
j  javax.media.opengl.awt.GLCanvas$11.run()V+73
j  javax.media.opengl.Threading.invoke(ZLjava/lang/Runnable;Ljava/lang/Object;)V+27
j  javax.media.opengl.awt.GLCanvas.display()V+64
j  javax.media.opengl.awt.GLCanvas.paint(Ljava/awt/Graphics;)V+137
j  javax.media.opengl.awt.GLCanvas.update(Ljava/awt/Graphics;)V+2
j  sun.awt.RepaintArea.updateComponent(Ljava/awt/Component;Ljava/awt/Graphics;)V+6
j  sun.lwawt.LWRepaintArea.updateComponent(Ljava/awt/Component;Ljava/awt/Graphics;)V+7
j  sun.awt.RepaintArea.paint(Ljava/lang/Object;Z)V+263
j  sun.lwawt.LWComponentPeer.handleJavaPaintEvent()V+19
j  sun.lwawt.LWComponentPeer.handleEvent(Ljava/awt/AWTEvent;)V+84
j  java.awt.Component.dispatchEventImpl(Ljava/awt/AWTEvent;)V+877
j  java.awt.Component.dispatchEvent(Ljava/awt/AWTEvent;)V+2
j  java.awt.EventQueue.dispatchEventImpl(Ljava/awt/AWTEvent;Ljava/lang/Object;)V+41
j  java.awt.EventQueue.access$500(Ljava/awt/EventQueue;Ljava/awt/AWTEvent;Ljava/lang/Object;)V+3
j  java.awt.EventQueue$3.run()Ljava/lang/Void;+32
j  java.awt.EventQueue$3.run()Ljava/lang/Object;+1
v  ~StubRoutines::call_stub
j  java.security.AccessController.doPrivileged(Ljava/security/PrivilegedAction;Ljava/security/AccessControlContext;)Ljava/lang/Object;+0
j  java.security.ProtectionDomain$1.doIntersectionPrivilege(Ljava/security/PrivilegedAction;Ljava/security/AccessControlContext;Ljava/security/AccessControlContext;)Ljava/lang/Object;+28
j  java.security.ProtectionDomain$1.doIntersectionPrivilege(Ljava/security/PrivilegedAction;Ljava/security/AccessControlContext;)Ljava/lang/Object;+6
j  java.awt.EventQueue$4.run()Ljava/lang/Void;+11
j  java.awt.EventQueue$4.run()Ljava/lang/Object;+1
v  ~StubRoutines::call_stub
j  java.security.AccessController.doPrivileged(Ljava/security/PrivilegedAction;Ljava/security/AccessControlContext;)Ljava/lang/Object;+0
j  java.security.ProtectionDomain$1.doIntersectionPrivilege(Ljava/security/PrivilegedAction;Ljava/security/AccessControlContext;Ljava/security/AccessControlContext;)Ljava/lang/Object;+28
j  java.awt.EventQueue.dispatchEvent(Ljava/awt/AWTEvent;)V+73
j  java.awt.EventDispatchThread.pumpOneEventForFilters(I)V+245
j  java.awt.EventDispatchThread.pumpEventsForFilter(ILjava/awt/Conditional;Ljava/awt/EventFilter;)V+35
j  java.awt.EventDispatchThread.pumpEventsForHierarchy(ILjava/awt/Conditional;Ljava/awt/Component;)V+11
j  java.awt.EventDispatchThread.pumpEvents(ILjava/awt/Conditional;)V+4
j  java.awt.EventDispatchThread.pumpEvents(Ljava/awt/Conditional;)V+3
j  java.awt.EventDispatchThread.run()V+9
v  ~StubRoutines::call_stub

---------------  P R O C E S S  ---------------

Java Threads: ( => current thread )
  0x00007fea24aa5000 JavaThread "DestroyJavaVM" [_thread_blocked, id=3331, stack(0x0000000102a07000,0x0000000102b07000)]
=>0x00007fea24ba9000 JavaThread "AWT-EventQueue-0" [_thread_in_native, id=53763, stack(0x000000011fb85000,0x000000011fc85000)]
  0x00007fea24ba3000 JavaThread "Java2D Disposer" daemon [_thread_blocked, id=53259, stack(0x000000011fa82000,0x000000011fb82000)]
  0x00007fea2423b000 JavaThread "Java2D Queue Flusher" daemon [_thread_blocked, id=52231, stack(0x000000011ec13000,0x000000011ed13000)]
  0x00007fea2417d000 JavaThread "AWT-Shutdown" [_thread_blocked, id=26895, stack(0x000000011bce3000,0x000000011bde3000)]
  0x00007fea2412e800 JavaThread "AWT-AppKit" daemon [_thread_in_native, id=1811, stack(0x00007fff5da17000,0x00007fff5e217000)]
  0x00007fea2488b000 JavaThread "Service Thread" daemon [_thread_blocked, id=16387, stack(0x000000011a26e000,0x000000011a36e000)]
  0x00007fea24888000 JavaThread "C1 CompilerThread1" daemon [_thread_blocked, id=15875, stack(0x000000011a16b000,0x000000011a26b000)]
  0x00007fea2483e000 JavaThread "C2 CompilerThread0" daemon [_thread_blocked, id=15363, stack(0x000000011a068000,0x000000011a168000)]
  0x00007fea2483d000 JavaThread "Signal Dispatcher" daemon [_thread_blocked, id=11787, stack(0x0000000119f65000,0x000000011a065000)]
  0x00007fea2403f800 JavaThread "Finalizer" daemon [_thread_blocked, id=9987, stack(0x00000001186bd000,0x00000001187bd000)]
  0x00007fea24039000 JavaThread "Reference Handler" daemon [_thread_blocked, id=9475, stack(0x00000001185ba000,0x00000001186ba000)]

Other Threads:
  0x00007fea24800800 VMThread [stack: 0x00000001184b7000,0x00000001185b7000] [id=8963]
  0x00007fea2482c000 WatcherThread [stack: 0x000000011a371000,0x000000011a471000] [id=16899]

VM state:not at safepoint (normal execution)

VM Mutex/Monitor currently owned by a thread: None

Heap:
 PSYoungGen      total 38400K, used 23688K [0x0000000795580000, 0x0000000798000000, 0x00000007c0000000)
  eden space 33280K, 71% used [0x0000000795580000,0x0000000796ca2020,0x0000000797600000)
  from space 5120K, 0% used [0x0000000797b00000,0x0000000797b00000,0x0000000798000000)
  to   space 5120K, 0% used [0x0000000797600000,0x0000000797600000,0x0000000797b00000)
 ParOldGen       total 87552K, used 0K [0x0000000740000000, 0x0000000745580000, 0x0000000795580000)
  object space 87552K, 0% used [0x0000000740000000,0x0000000740000000,0x0000000745580000)
 Metaspace       used 13115K, capacity 13287K, committed 13440K, reserved 1060864K
  class space    used 1344K, capacity 1372K, committed 1408K, reserved 1048576K

Card table byte_map: [0x00000001123c0000,0x00000001127c1000] byte_map_base: 0x000000010e9c0000

Marking Bits: (ParMarkBitMap*) 0x0000000102385410
 Begin Bits: [0x0000000112c72000, 0x0000000114c72000)
 End Bits:   [0x0000000114c72000, 0x0000000116c72000)

Polling page: 0x0000000102b4b000

CodeCache: size=245760Kb used=2652Kb max_used=2659Kb free=243107Kb
 bounds [0x0000000103000000, 0x00000001032a0000, 0x0000000112000000]
 total_blobs=1337 nmethods=597 adapters=656
 compilation: enabled

Compilation events (10 events):
Event: 4.601 Thread 0x00007fea2483e000  595       4       java.lang.StringBuilder::<init> (7 bytes)
Event: 4.603 Thread 0x00007fea2483e000 nmethod 595 0x0000000103293f10 code [0x0000000103294060, 0x0000000103294158]
Event: 4.603 Thread 0x00007fea24888000  594       3       java.nio.CharBuffer::arrayOffset (35 bytes)
Event: 4.603 Thread 0x00007fea24888000 nmethod 594 0x0000000103299850 code [0x00000001032999e0, 0x0000000103299cd8]
Event: 4.603 Thread 0x00007fea24888000  596       3       java.nio.ByteBuffer::arrayOffset (35 bytes)
Event: 4.603 Thread 0x00007fea24888000 nmethod 596 0x0000000103299290 code [0x0000000103299420, 0x0000000103299718]
Event: 4.603 Thread 0x00007fea24888000  593       3       java.lang.String::toString (2 bytes)
Event: 4.603 Thread 0x00007fea24888000 nmethod 593 0x0000000103293c10 code [0x0000000103293d60, 0x0000000103293eb0]
Event: 4.619 Thread 0x00007fea24888000  597       1       java.util.EventObject::getSource (5 bytes)
Event: 4.619 Thread 0x00007fea24888000 nmethod 597 0x0000000103298fd0 code [0x0000000103299120, 0x0000000103299230]

GC Heap History (0 events):
No events

Deoptimization events (0 events):
No events

Internal exceptions (10 events):
Event: 4.464 Thread 0x00007fea24ba9000 Exception <a 'java/security/PrivilegedActionException'> (0x0000000795efc430) thrown at [/Users/java_re/workspace/8-2-build-macosx-x86_64/jdk8u31/2394/hotspot/src/share/vm/prims/jvm.cpp, line 1312]
Event: 4.465 Thread 0x00007fea24ba9000 Exception <a 'java/security/PrivilegedActionException'> (0x0000000795f02ae0) thrown at [/Users/java_re/workspace/8-2-build-macosx-x86_64/jdk8u31/2394/hotspot/src/share/vm/prims/jvm.cpp, line 1312]
Event: 4.466 Thread 0x00007fea24ba9000 Exception <a 'java/security/PrivilegedActionException'> (0x0000000795f075c8) thrown at [/Users/java_re/workspace/8-2-build-macosx-x86_64/jdk8u31/2394/hotspot/src/share/vm/prims/jvm.cpp, line 1312]
Event: 4.467 Thread 0x00007fea24ba9000 Exception <a 'java/security/PrivilegedActionException'> (0x0000000795f0b610) thrown at [/Users/java_re/workspace/8-2-build-macosx-x86_64/jdk8u31/2394/hotspot/src/share/vm/prims/jvm.cpp, line 1312]
Event: 4.472 Thread 0x00007fea24ba9000 Exception <a 'java/security/PrivilegedActionException'> (0x0000000795f0fc18) thrown at [/Users/java_re/workspace/8-2-build-macosx-x86_64/jdk8u31/2394/hotspot/src/share/vm/prims/jvm.cpp, line 1312]
Event: 4.575 Thread 0x00007fea24ba9000 Exception <a 'java/security/PrivilegedActionException'> (0x0000000795f181e0) thrown at [/Users/java_re/workspace/8-2-build-macosx-x86_64/jdk8u31/2394/hotspot/src/share/vm/prims/jvm.cpp, line 1312]
Event: 4.576 Thread 0x00007fea24ba9000 Exception <a 'java/security/PrivilegedActionException'> (0x0000000795f1c1d8) thrown at [/Users/java_re/workspace/8-2-build-macosx-x86_64/jdk8u31/2394/hotspot/src/share/vm/prims/jvm.cpp, line 1312]
Event: 4.595 Thread 0x00007fea24ba9000 Exception <a 'javax/media/opengl/GLException'> (0x0000000795f23ed0) thrown at [/Users/java_re/workspace/8-2-build-macosx-x86_64/jdk8u31/2394/hotspot/src/share/vm/prims/jvm.cpp, line 1316]
Event: 4.595 Thread 0x00007fea24ba9000 Exception <a 'javax/media/opengl/GLException'> (0x0000000795f23ed0) thrown at [/Users/java_re/workspace/8-2-build-macosx-x86_64/jdk8u31/2394/hotspot/src/share/vm/prims/jvm.cpp, line 1316]
Event: 4.607 Thread 0x00007fea2412e800 Exception <a 'java/security/PrivilegedActionException'> (0x0000000795cf7608) thrown at [/Users/java_re/workspace/8-2-build-macosx-x86_64/jdk8u31/2394/hotspot/src/share/vm/prims/jvm.cpp, line 1312]

Events (10 events):
Event: 4.595 loading class java/lang/Throwable$WrappedPrintStream
Event: 4.595 loading class java/lang/Throwable$PrintStreamOrWriter
Event: 4.595 loading class java/lang/Throwable$PrintStreamOrWriter done
Event: 4.595 loading class java/lang/Throwable$WrappedPrintStream done
Event: 4.596 loading class java/util/IdentityHashMap$KeySet
Event: 4.596 loading class java/util/IdentityHashMap$KeySet done
Event: 4.607 loading class jogamp/nativewindow/jawt/macosx/MacOSXJAWTWindow$3
Event: 4.607 loading class jogamp/nativewindow/jawt/macosx/MacOSXJAWTWindow$3 done
Event: 4.607 Executing VM operation: RevokeBias
Event: 4.607 Executing VM operation: RevokeBias done


Dynamic libraries:
0x000000000b5c4000 	/System/Library/Frameworks/Cocoa.framework/Versions/A/Cocoa
0x000000000b5c4000 	/System/Library/Frameworks/Security.framework/Versions/A/Security
0x000000000b5c4000 	/System/Library/Frameworks/ApplicationServices.framework/Versions/A/ApplicationServices
0x000000000b5c4000 	/usr/lib/libz.1.dylib
0x000000000b5c4000 	/usr/lib/libSystem.B.dylib
0x000000000b5c4000 	/usr/lib/libobjc.A.dylib
0x000000000b5c4000 	/System/Library/Frameworks/CoreFoundation.framework/Versions/A/CoreFoundation
0x000000000b5c4000 	/System/Library/Frameworks/Foundation.framework/Versions/C/Foundation
0x000000000b5c4000 	/System/Library/Frameworks/AppKit.framework/Versions/C/AppKit
0x000000000b5c4000 	/System/Library/Frameworks/CoreData.framework/Versions/A/CoreData
0x000000000b5c4000 	/System/Library/PrivateFrameworks/RemoteViewServices.framework/Versions/A/RemoteViewServices
0x000000000b5c4000 	/System/Library/PrivateFrameworks/UIFoundation.framework/Versions/A/UIFoundation
0x000000000b5c4000 	/System/Library/Frameworks/IOSurface.framework/Versions/A/IOSurface
0x000000000b5c4000 	/System/Library/Frameworks/AudioToolbox.framework/Versions/A/AudioToolbox
0x000000000b5c4000 	/System/Library/Frameworks/AudioUnit.framework/Versions/A/AudioUnit
0x000000000b5c4000 	/System/Library/PrivateFrameworks/DataDetectorsCore.framework/Versions/A/DataDetectorsCore
0x000000000b5c4000 	/System/Library/PrivateFrameworks/DesktopServicesPriv.framework/Versions/A/DesktopServicesPriv
0x000000000b5c4000 	/System/Library/Frameworks/Carbon.framework/Versions/A/Frameworks/HIToolbox.framework/Versions/A/HIToolbox
0x000000000b5c4000 	/System/Library/Frameworks/QuartzCore.framework/Versions/A/QuartzCore
0x000000000b5c4000 	/System/Library/Frameworks/Carbon.framework/Versions/A/Frameworks/SpeechRecognition.framework/Versions/A/SpeechRecognition
0x000000000b5c4000 	/usr/lib/libauto.dylib
0x000000000b5c4000 	/usr/lib/libicucore.A.dylib
0x000000000b5c4000 	/usr/lib/libxml2.2.dylib
0x000000000b5c4000 	/System/Library/PrivateFrameworks/CoreUI.framework/Versions/A/CoreUI
0x000000000b5c4000 	/System/Library/Frameworks/CoreAudio.framework/Versions/A/CoreAudio
0x000000000b5c4000 	/System/Library/Frameworks/DiskArbitration.framework/Versions/A/DiskArbitration
0x000000000b5c4000 	/usr/lib/liblangid.dylib
0x000000000b5c4000 	/System/Library/PrivateFrameworks/MultitouchSupport.framework/Versions/A/MultitouchSupport
0x000000000b5c4000 	/System/Library/Frameworks/IOKit.framework/Versions/A/IOKit
0x000000000b5c4000 	/usr/lib/libDiagnosticMessagesClient.dylib
0x000000000b5c4000 	/System/Library/Frameworks/CoreServices.framework/Versions/A/CoreServices
0x000000000b5c4000 	/System/Library/PrivateFrameworks/PerformanceAnalysis.framework/Versions/A/PerformanceAnalysis
0x000000000b5c4000 	/System/Library/PrivateFrameworks/GenerationalStorage.framework/Versions/A/GenerationalStorage
0x000000000b5c4000 	/System/Library/Frameworks/OpenGL.framework/Versions/A/OpenGL
0x000000000b5c4000 	/System/Library/PrivateFrameworks/Sharing.framework/Versions/A/Sharing
0x000000000b5c4000 	/System/Library/Frameworks/CoreGraphics.framework/Versions/A/CoreGraphics
0x000000000b5c4000 	/System/Library/Frameworks/CoreText.framework/Versions/A/CoreText
0x000000000b5c4000 	/System/Library/Frameworks/ImageIO.framework/Versions/A/ImageIO
0x000000000b5c4000 	/usr/lib/libextension.dylib
0x000000000b5c4000 	/System/Library/PrivateFrameworks/Backup.framework/Versions/A/Backup
0x000000000b5c4000 	/usr/lib/libarchive.2.dylib
0x000000000b5c4000 	/System/Library/Frameworks/CFNetwork.framework/Versions/A/CFNetwork
0x000000000b5c4000 	/System/Library/Frameworks/SystemConfiguration.framework/Versions/A/SystemConfiguration
0x000000000b5c4000 	/usr/lib/libCRFSuite.dylib
0x000000000b5c4000 	/usr/lib/libc++.1.dylib
0x000000000b5c4000 	/usr/lib/libc++abi.dylib
0x000000000b5c4000 	/usr/lib/system/libcache.dylib
0x000000000b5c4000 	/usr/lib/system/libcommonCrypto.dylib
0x000000000b5c4000 	/usr/lib/system/libcompiler_rt.dylib
0x000000000b5c4000 	/usr/lib/system/libcopyfile.dylib
0x000000000b5c4000 	/usr/lib/system/libcorecrypto.dylib
0x000000000b5c4000 	/usr/lib/system/libdispatch.dylib
0x000000000b5c4000 	/usr/lib/system/libdyld.dylib
0x000000000b5c4000 	/usr/lib/system/libkeymgr.dylib
0x000000000b5c4000 	/usr/lib/system/liblaunch.dylib
0x000000000b5c4000 	/usr/lib/system/libmacho.dylib
0x000000000b5c4000 	/usr/lib/system/libquarantine.dylib
0x000000000b5c4000 	/usr/lib/system/libremovefile.dylib
0x000000000b5c4000 	/usr/lib/system/libsystem_asl.dylib
0x000000000b5c4000 	/usr/lib/system/libsystem_blocks.dylib
0x000000000b5c4000 	/usr/lib/system/libsystem_c.dylib
0x000000000b5c4000 	/usr/lib/system/libsystem_configuration.dylib
0x000000000b5c4000 	/usr/lib/system/libsystem_coreservices.dylib
0x000000000b5c4000 	/usr/lib/system/libsystem_coretls.dylib
0x000000000b5c4000 	/usr/lib/system/libsystem_dnssd.dylib
0x000000000b5c4000 	/usr/lib/system/libsystem_info.dylib
0x000000000b5c4000 	/usr/lib/system/libsystem_kernel.dylib
0x000000000b5c4000 	/usr/lib/system/libsystem_m.dylib
0x000000000b5c4000 	/usr/lib/system/libsystem_malloc.dylib
0x000000000b5c4000 	/usr/lib/system/libsystem_network.dylib
0x000000000b5c4000 	/usr/lib/system/libsystem_networkextension.dylib
0x000000000b5c4000 	/usr/lib/system/libsystem_notify.dylib
0x000000000b5c4000 	/usr/lib/system/libsystem_platform.dylib
0x000000000b5c4000 	/usr/lib/system/libsystem_pthread.dylib
0x000000000b5c4000 	/usr/lib/system/libsystem_sandbox.dylib
0x000000000b5c4000 	/usr/lib/system/libsystem_secinit.dylib
0x000000000b5c4000 	/usr/lib/system/libsystem_stats.dylib
0x000000000b5c4000 	/usr/lib/system/libsystem_trace.dylib
0x000000000b5c4000 	/usr/lib/system/libunc.dylib
0x000000000b5c4000 	/usr/lib/system/libunwind.dylib
0x000000000b5c4000 	/usr/lib/system/libxpc.dylib
0x000000000b5c4000 	/usr/lib/libbz2.1.0.dylib
0x000000000b5c4000 	/usr/lib/liblzma.5.dylib
0x000000000b5c4000 	/usr/lib/libbsm.0.dylib
0x000000000b5c4000 	/usr/lib/libsqlite3.dylib
0x000000000b5c4000 	/usr/lib/system/libkxld.dylib
0x000000000b5c4000 	/usr/lib/libxar.1.dylib
0x000000000b5c4000 	/usr/lib/libpam.2.dylib
0x000000000b5c4000 	/usr/lib/libOpenScriptingUtil.dylib
0x000000000b5c4000 	/System/Library/Frameworks/CoreServices.framework/Versions/A/Frameworks/FSEvents.framework/Versions/A/FSEvents
0x000000000b5c4000 	/System/Library/Frameworks/CoreServices.framework/Versions/A/Frameworks/CarbonCore.framework/Versions/A/CarbonCore
0x000000000b5c4000 	/System/Library/Frameworks/CoreServices.framework/Versions/A/Frameworks/Metadata.framework/Versions/A/Metadata
0x000000000b5c4000 	/System/Library/Frameworks/CoreServices.framework/Versions/A/Frameworks/OSServices.framework/Versions/A/OSServices
0x000000000b5c4000 	/System/Library/Frameworks/CoreServices.framework/Versions/A/Frameworks/SearchKit.framework/Versions/A/SearchKit
0x000000000b5c4000 	/System/Library/Frameworks/CoreServices.framework/Versions/A/Frameworks/AE.framework/Versions/A/AE
0x000000000b5c4000 	/System/Library/Frameworks/CoreServices.framework/Versions/A/Frameworks/LaunchServices.framework/Versions/A/LaunchServices
0x000000000b5c4000 	/System/Library/Frameworks/CoreServices.framework/Versions/A/Frameworks/DictionaryServices.framework/Versions/A/DictionaryServices
0x000000000b5c4000 	/System/Library/Frameworks/NetFS.framework/Versions/A/NetFS
0x000000000b5c4000 	/System/Library/PrivateFrameworks/NetAuth.framework/Versions/A/NetAuth
0x000000000b5c4000 	/System/Library/PrivateFrameworks/login.framework/Versions/A/Frameworks/loginsupport.framework/Versions/A/loginsupport
0x000000000b5c4000 	/System/Library/PrivateFrameworks/TCC.framework/Versions/A/TCC
0x000000000b5c4000 	/usr/lib/libmecabra.dylib
0x000000000b5c4000 	/System/Library/Frameworks/ApplicationServices.framework/Versions/A/Frameworks/ATS.framework/Versions/A/ATS
0x000000000b5c4000 	/System/Library/Frameworks/ApplicationServices.framework/Versions/A/Frameworks/ColorSync.framework/Versions/A/ColorSync
0x000000000b5c4000 	/System/Library/Frameworks/ApplicationServices.framework/Versions/A/Frameworks/HIServices.framework/Versions/A/HIServices
0x000000000b5c4000 	/System/Library/Frameworks/ApplicationServices.framework/Versions/A/Frameworks/LangAnalysis.framework/Versions/A/LangAnalysis
0x000000000b5c4000 	/System/Library/Frameworks/ApplicationServices.framework/Versions/A/Frameworks/PrintCore.framework/Versions/A/PrintCore
0x000000000b5c4000 	/System/Library/Frameworks/ApplicationServices.framework/Versions/A/Frameworks/QD.framework/Versions/A/QD
0x000000000b5c4000 	/System/Library/Frameworks/ApplicationServices.framework/Versions/A/Frameworks/SpeechSynthesis.framework/Versions/A/SpeechSynthesis
0x000000000b5c4000 	/System/Library/Frameworks/Accelerate.framework/Versions/A/Accelerate
0x000000000b5c4000 	/System/Library/Frameworks/Accelerate.framework/Versions/A/Frameworks/vImage.framework/Versions/A/vImage
0x000000000b5c4000 	/System/Library/Frameworks/Accelerate.framework/Versions/A/Frameworks/vecLib.framework/Versions/A/vecLib
0x000000000b5c4000 	/System/Library/Frameworks/Accelerate.framework/Versions/A/Frameworks/vecLib.framework/Versions/A/libvDSP.dylib
0x000000000b5c4000 	/System/Library/Frameworks/Accelerate.framework/Versions/A/Frameworks/vecLib.framework/Versions/A/libvMisc.dylib
0x000000000b5c4000 	/System/Library/Frameworks/Accelerate.framework/Versions/A/Frameworks/vecLib.framework/Versions/A/libLAPACK.dylib
0x000000000b5c4000 	/System/Library/Frameworks/Accelerate.framework/Versions/A/Frameworks/vecLib.framework/Versions/A/libBLAS.dylib
0x000000000b5c4000 	/System/Library/Frameworks/Accelerate.framework/Versions/A/Frameworks/vecLib.framework/Versions/A/libLinearAlgebra.dylib
0x000000000b5c4000 	/System/Library/Frameworks/ApplicationServices.framework/Versions/A/Frameworks/ATS.framework/Versions/A/Resources/libFontParser.dylib
0x000000000b5c4000 	/System/Library/Frameworks/ApplicationServices.framework/Versions/A/Frameworks/ATS.framework/Versions/A/Resources/libFontRegistry.dylib
0x000000000b5c4000 	/System/Library/PrivateFrameworks/AppleVPA.framework/Versions/A/AppleVPA
0x000000000b5c4000 	/System/Library/PrivateFrameworks/AppleJPEG.framework/Versions/A/AppleJPEG
0x000000000b5c4000 	/System/Library/Frameworks/ImageIO.framework/Versions/A/Resources/libJPEG.dylib
0x000000000b5c4000 	/System/Library/Frameworks/ImageIO.framework/Versions/A/Resources/libTIFF.dylib
0x000000000b5c4000 	/System/Library/Frameworks/ImageIO.framework/Versions/A/Resources/libPng.dylib
0x000000000b5c4000 	/System/Library/Frameworks/ImageIO.framework/Versions/A/Resources/libGIF.dylib
0x000000000b5c4000 	/System/Library/Frameworks/ImageIO.framework/Versions/A/Resources/libJP2.dylib
0x000000000b5c4000 	/System/Library/Frameworks/ImageIO.framework/Versions/A/Resources/libRadiance.dylib
0x000000000b5c4000 	/System/Library/Frameworks/CoreVideo.framework/Versions/A/CoreVideo
0x000000000b5c4000 	/System/Library/Frameworks/OpenGL.framework/Versions/A/Libraries/libGLU.dylib
0x000000000b5c4000 	/System/Library/Frameworks/OpenGL.framework/Versions/A/Libraries/libGFXShared.dylib
0x000000000b5c4000 	/System/Library/Frameworks/OpenGL.framework/Versions/A/Libraries/libGL.dylib
0x000000000b5c4000 	/System/Library/Frameworks/OpenGL.framework/Versions/A/Libraries/libGLImage.dylib
0x000000000b5c4000 	/System/Library/Frameworks/OpenGL.framework/Versions/A/Libraries/libCVMSPluginSupport.dylib
0x000000000b5c4000 	/System/Library/Frameworks/OpenGL.framework/Versions/A/Libraries/libCoreVMClient.dylib
0x000000000b5c4000 	/usr/lib/libcups.2.dylib
0x000000000b5c4000 	/System/Library/Frameworks/Kerberos.framework/Versions/A/Kerberos
0x000000000b5c4000 	/System/Library/Frameworks/GSS.framework/Versions/A/GSS
0x000000000b5c4000 	/usr/lib/libresolv.9.dylib
0x000000000b5c4000 	/usr/lib/libiconv.2.dylib
0x000000000b5c4000 	/System/Library/PrivateFrameworks/Heimdal.framework/Versions/A/Heimdal
0x000000000b5c4000 	/usr/lib/libheimdal-asn1.dylib
0x000000000b5c4000 	/System/Library/Frameworks/OpenDirectory.framework/Versions/A/OpenDirectory
0x000000000b5c4000 	/System/Library/PrivateFrameworks/CommonAuth.framework/Versions/A/CommonAuth
0x000000000b5c4000 	/System/Library/Frameworks/OpenDirectory.framework/Versions/A/Frameworks/CFOpenDirectory.framework/Versions/A/CFOpenDirectory
0x000000000b5c4000 	/System/Library/Frameworks/SecurityFoundation.framework/Versions/A/SecurityFoundation
0x000000000b5c4000 	/System/Library/PrivateFrameworks/LanguageModeling.framework/Versions/A/LanguageModeling
0x000000000b5c4000 	/usr/lib/libcmph.dylib
0x000000000b5c4000 	/System/Library/Frameworks/ServiceManagement.framework/Versions/A/ServiceManagement
0x000000000b5c4000 	/usr/lib/libxslt.1.dylib
0x000000000b5c4000 	/System/Library/Frameworks/Carbon.framework/Versions/A/Frameworks/Ink.framework/Versions/A/Ink
0x000000000b5c4000 	/System/Library/Frameworks/QuartzCore.framework/Versions/A/Frameworks/CoreImage.framework/Versions/A/CoreImage
0x000000000b5c4000 	/System/Library/PrivateFrameworks/CrashReporterSupport.framework/Versions/A/CrashReporterSupport
0x000000000b5c4000 	/System/Library/Frameworks/OpenCL.framework/Versions/A/OpenCL
0x000000000b5c4000 	/System/Library/PrivateFrameworks/FaceCore.framework/Versions/A/FaceCore
0x000000000b5c4000 	/System/Library/PrivateFrameworks/Ubiquity.framework/Versions/A/Ubiquity
0x000000000b5c4000 	/System/Library/PrivateFrameworks/IconServices.framework/Versions/A/IconServices
0x000000000b5c4000 	/System/Library/PrivateFrameworks/ChunkingLibrary.framework/Versions/A/ChunkingLibrary
0x000000000b5c4000 	/System/Library/PrivateFrameworks/Apple80211.framework/Versions/A/Apple80211
0x000000000b5c4000 	/System/Library/Frameworks/CoreWLAN.framework/Versions/A/CoreWLAN
0x000000000b5c4000 	/System/Library/Frameworks/IOBluetooth.framework/Versions/A/IOBluetooth
0x000000000b5c4000 	/System/Library/PrivateFrameworks/CoreWiFi.framework/Versions/A/CoreWiFi
0x000000000b5c4000 	/System/Library/Frameworks/CoreBluetooth.framework/Versions/A/CoreBluetooth
0x000000000b5c4000 	/System/Library/PrivateFrameworks/DebugSymbols.framework/Versions/A/DebugSymbols
0x000000000b5c4000 	/System/Library/PrivateFrameworks/CoreSymbolication.framework/Versions/A/CoreSymbolication
0x000000000b5c4000 	/System/Library/PrivateFrameworks/Symbolication.framework/Versions/A/Symbolication
0x000000000b5c4000 	/System/Library/PrivateFrameworks/SpeechRecognitionCore.framework/Versions/A/SpeechRecognitionCore
0x0000000101ae7000 	/Library/Java/JavaVirtualMachines/jdk1.8.0_31.jdk/Contents/Home/jre/lib/server/libjvm.dylib
0x000000000b5c4000 	/usr/lib/libstdc++.6.dylib
0x0000000102b09000 	/Library/Java/JavaVirtualMachines/jdk1.8.0_31.jdk/Contents/Home/jre/lib/libverify.dylib
0x0000000102b17000 	/Library/Java/JavaVirtualMachines/jdk1.8.0_31.jdk/Contents/Home/jre/lib/libjava.dylib
0x0000000102b6c000 	/Library/Java/JavaVirtualMachines/jdk1.8.0_31.jdk/Contents/Home/jre/lib/libzip.dylib
0x0000000102be6000 	/System/Library/Frameworks/JavaVM.framework/Frameworks/JavaRuntimeSupport.framework/JavaRuntimeSupport
0x00000001187bf000 	/System/Library/Frameworks/JavaVM.framework/Versions/A/Frameworks/JavaNativeFoundation.framework/Versions/A/JavaNativeFoundation
0x00000001187d3000 	/System/Library/Frameworks/JavaVM.framework/Versions/A/JavaVM
0x000000000b5c4000 	/System/Library/Frameworks/Carbon.framework/Versions/A/Carbon
0x00000001187df000 	/System/Library/PrivateFrameworks/JavaLaunching.framework/Versions/A/JavaLaunching
0x000000000b5c4000 	/System/Library/Frameworks/Carbon.framework/Versions/A/Frameworks/CommonPanels.framework/Versions/A/CommonPanels
0x000000000b5c4000 	/System/Library/Frameworks/Carbon.framework/Versions/A/Frameworks/Help.framework/Versions/A/Help
0x000000000b5c4000 	/System/Library/Frameworks/Carbon.framework/Versions/A/Frameworks/ImageCapture.framework/Versions/A/ImageCapture
0x000000000b5c4000 	/System/Library/Frameworks/Carbon.framework/Versions/A/Frameworks/OpenScripting.framework/Versions/A/OpenScripting
0x000000000b5c4000 	/System/Library/Frameworks/Carbon.framework/Versions/A/Frameworks/Print.framework/Versions/A/Print
0x000000000b5c4000 	/System/Library/Frameworks/Carbon.framework/Versions/A/Frameworks/SecurityHI.framework/Versions/A/SecurityHI
0x000000011a4c9000 	/Library/Java/JavaVirtualMachines/jdk1.8.0_31.jdk/Contents/Home/jre/lib/libnet.dylib
0x000000011a528000 	/Library/Java/JavaVirtualMachines/jdk1.8.0_31.jdk/Contents/Home/jre/lib/libnio.dylib
0x000000011a539000 	/private/var/folders/h8/016_t5px16701fr1kp5lzs_40000gn/T/jogamp_0000/file_cache/jln3105306393642851447/jln2997366362436450612/libgluegen-rt.jnilib
0x000000011a543000 	/Library/Java/JavaVirtualMachines/jdk1.8.0_31.jdk/Contents/Home/jre/lib/libawt.dylib
0x000000011a5f2000 	/Library/Java/JavaVirtualMachines/jdk1.8.0_31.jdk/Contents/Home/jre/lib/./libmlib_image.dylib
0x000000011a6be000 	/Library/Java/JavaVirtualMachines/jdk1.8.0_31.jdk/Contents/Home/jre/lib/libawt_lwawt.dylib
0x000000011a771000 	/Library/Java/JavaVirtualMachines/jdk1.8.0_31.jdk/Contents/Home/jre/lib/./libosxapp.dylib
0x000000000b5c4000 	/System/Library/Frameworks/ExceptionHandling.framework/Versions/A/ExceptionHandling
0x000000000b5c4000 	/System/Library/PrivateFrameworks/CoreServicesInternal.framework/Versions/A/CoreServicesInternal
0x000000000b5c4000 	/System/Library/PrivateFrameworks/CloudDocs.framework/Versions/A/CloudDocs
0x000000000b5c4000 	/System/Library/PrivateFrameworks/CoreDuet.framework/Versions/A/CoreDuet
0x000000000b5c4000 	/System/Library/Frameworks/CloudKit.framework/Versions/A/CloudKit
0x000000000b5c4000 	/System/Library/PrivateFrameworks/ProtocolBuffer.framework/Versions/A/ProtocolBuffer
0x000000000b5c4000 	/System/Library/PrivateFrameworks/CoreDuetDaemonProtocol.framework/Versions/A/CoreDuetDaemonProtocol
0x000000000b5c4000 	/System/Library/PrivateFrameworks/CoreDuetDebugLogging.framework/Versions/A/CoreDuetDebugLogging
0x000000000b5c4000 	/System/Library/Frameworks/CoreLocation.framework/Versions/A/CoreLocation
0x000000000b5c4000 	/System/Library/Frameworks/Accounts.framework/Versions/A/Accounts
0x000000000b5c4000 	/System/Library/PrivateFrameworks/ApplePushService.framework/Versions/A/ApplePushService
0x000000000b5c4000 	/System/Library/PrivateFrameworks/GeoServices.framework/Versions/A/GeoServices
0x000000000b5c4000 	/System/Library/PrivateFrameworks/OAuth.framework/Versions/A/OAuth
0x000000000b5c4000 	/System/Library/PrivateFrameworks/CoreDaemon.framework/Versions/B/CoreDaemon
0x000000000b5c4000 	/usr/lib/libcrypto.0.9.8.dylib
0x000000000b5c4000 	/System/Library/PrivateFrameworks/AppleSRP.framework/Versions/A/AppleSRP
0x000000000b5c4000 	/System/Library/PrivateFrameworks/TrustEvaluationAgent.framework/Versions/A/TrustEvaluationAgent
0x000000000b5c4000 	/System/Library/Frameworks/CoreGraphics.framework/Versions/A/Resources/libCGCMS.A.dylib
0x000000000b5c4000 	/System/Library/Frameworks/CoreGraphics.framework/Versions/A/Resources/libRIP.A.dylib
0x000000000b5c4000 	/System/Library/Frameworks/CoreGraphics.framework/Versions/A/Resources/libCGXType.A.dylib
0x000000000b5c4000 	/System/Library/Frameworks/OpenCL.framework/Versions/A/Libraries/libcldcpuengine.dylib
0x000000000b5c4000 	/System/Library/PrivateFrameworks/DiskImages.framework/Versions/A/DiskImages
0x000000000b5c4000 	/System/Library/Frameworks/DiscRecording.framework/Versions/A/DiscRecording
0x000000000b5c4000 	/usr/lib/libcsfde.dylib
0x000000000b5c4000 	/usr/lib/libcurl.4.dylib
0x000000000b5c4000 	/System/Library/PrivateFrameworks/MediaKit.framework/Versions/A/MediaKit
0x000000000b5c4000 	/System/Library/PrivateFrameworks/ProtectedCloudStorage.framework/Versions/A/ProtectedCloudStorage
0x000000000b5c4000 	/usr/lib/libCoreStorage.dylib
0x000000000b5c4000 	/System/Library/PrivateFrameworks/EFILogin.framework/Versions/A/EFILogin
0x000000000b5c4000 	/usr/lib/libutil.dylib
0x000000000b5c4000 	/System/Library/PrivateFrameworks/FindMyDevice.framework/Versions/A/FindMyDevice
0x000000000b5c4000 	/System/Library/Frameworks/LDAP.framework/Versions/A/LDAP
0x000000000b5c4000 	/usr/lib/libsasl2.2.dylib
0x000000011d487000 	cl_kernels
0x000000011d489000 	/System/Library/Frameworks/OpenCL.framework/Versions/A/Libraries/ImageFormats/unorm8_bgra.dylib
0x000000011d478000 	cl_kernels
0x000000000b5c4000 	/System/Library/PrivateFrameworks/FamilyControls.framework/Versions/A/FamilyControls
0x000000000b5c4000 	/System/Library/PrivateFrameworks/CommerceKit.framework/Versions/A/Frameworks/CommerceCore.framework/Versions/A/CommerceCore
0x000000000b5c4000 	/System/Library/PrivateFrameworks/SystemAdministration.framework/Versions/A/SystemAdministration
0x000000000b5c4000 	/System/Library/PrivateFrameworks/AppContainer.framework/Versions/A/AppContainer
0x000000000b5c4000 	/System/Library/PrivateFrameworks/SecCodeWrapper.framework/Versions/A/SecCodeWrapper
0x000000000b5c4000 	/System/Library/Frameworks/DirectoryService.framework/Versions/A/DirectoryService
0x000000000b5c4000 	/System/Library/PrivateFrameworks/LoginUIKit.framework/Versions/A/Frameworks/LoginUICore.framework/Versions/A/LoginUICore
0x000000000b5c4000 	/usr/lib/libodfde.dylib
0x000000011ebab000 	/Library/Java/JavaVirtualMachines/jdk1.8.0_31.jdk/Contents/Home/jre/lib/libfontmanager.dylib
0x000000011c9c8000 	/private/var/folders/h8/016_t5px16701fr1kp5lzs_40000gn/T/jogamp_0000/file_cache/jln3105306393642851447/jln2997366362436450612/libnativewindow_awt.jnilib
0x000000011c9cb000 	/Library/Java/JavaVirtualMachines/jdk1.8.0_31.jdk/Contents/Home/jre/lib/libjawt.dylib
0x000000000b5c4000 	/System/Library/Frameworks/OpenGL.framework/Versions/A/Resources/GLEngine.bundle/GLEngine
0x000000000b5c4000 	/System/Library/Frameworks/OpenGL.framework/Versions/A/Libraries/libGLProgrammability.dylib
0x0000000000000000 	/System/Library/Extensions/GeForceTeslaGLDriver.bundle/Contents/MacOS/GeForceTeslaGLDriver
0x000000011ed15000 	/System/Library/Extensions/GeForceTeslaGLDriver.bundle/Contents/MacOS/libclh.dylib
0x000000011e858000 	/System/Library/PrivateFrameworks/GPUSupport.framework/Versions/A/Libraries/libGPUSupport.dylib
0x000000000b5c4000 	/System/Library/Frameworks/OpenGL.framework/Versions/A/Resources/GLRendererFloat.bundle/GLRendererFloat
0x000000011fc87000 	/private/var/folders/h8/016_t5px16701fr1kp5lzs_40000gn/T/jogamp_0000/file_cache/jln3105306393642851447/jln2997366362436450612/libnativewindow_macosx.jnilib
0x000000011ff29000 	/private/var/folders/h8/016_t5px16701fr1kp5lzs_40000gn/T/jogamp_0000/file_cache/jln3105306393642851447/jln2997366362436450612/libjogl_desktop.jnilib

VM Arguments:
jvm_args: -Dfile.encoding=UTF-8 
java_command: main.Main
java_class_path (initial): /Users/gcaraciolo/Documents/projetos/github/Computacao-Grafica/rasterization/bin:/Users/gcaraciolo/Documents/workspace/jogamp-all-platforms/jar/gluegen-rt.jar:/Users/gcaraciolo/Documents/workspace/jogamp-all-platforms/jar/jogl-all.jar
Launcher Type: SUN_STANDARD

Environment Variables:
PATH=/usr/bin:/bin:/usr/sbin:/sbin
SHELL=/bin/zsh
DISPLAY=/private/tmp/com.apple.launchd.hUGgNvwkqN/org.macosforge.xquartz:0

Signal Handlers:
SIGSEGV: [libjvm.dylib+0x57a0e7], sa_mask[0]=11111111011111110111111111111111, sa_flags=SA_ONSTACK|SA_RESTART|SA_SIGINFO
SIGBUS: [libjvm.dylib+0x57a0e7], sa_mask[0]=11111111011111110111111111111111, sa_flags=SA_RESTART|SA_SIGINFO
SIGFPE: [libjvm.dylib+0x45af24], sa_mask[0]=11111111011111110111111111111111, sa_flags=SA_RESTART|SA_SIGINFO
SIGPIPE: [libjvm.dylib+0x45af24], sa_mask[0]=11111111011111110111111111111111, sa_flags=SA_RESTART|SA_SIGINFO
SIGXFSZ: [libjvm.dylib+0x45af24], sa_mask[0]=11111111011111110111111111111111, sa_flags=SA_RESTART|SA_SIGINFO
SIGILL: [libjvm.dylib+0x45af24], sa_mask[0]=11111111011111110111111111111111, sa_flags=SA_RESTART|SA_SIGINFO
SIGUSR1: SIG_DFL, sa_mask[0]=00000000000000000000000000000000, sa_flags=none
SIGUSR2: [libjvm.dylib+0x45aa42], sa_mask[0]=00100000000000000000000000000000, sa_flags=SA_RESTART|SA_SIGINFO
SIGHUP: [libjvm.dylib+0x459015], sa_mask[0]=11111111011111110111111111111111, sa_flags=SA_RESTART|SA_SIGINFO
SIGINT: [libjvm.dylib+0x459015], sa_mask[0]=11111111011111110111111111111111, sa_flags=SA_RESTART|SA_SIGINFO
SIGTERM: [libjvm.dylib+0x459015], sa_mask[0]=11111111011111110111111111111111, sa_flags=SA_RESTART|SA_SIGINFO
SIGQUIT: [libjvm.dylib+0x459015], sa_mask[0]=11111111011111110111111111111111, sa_flags=SA_RESTART|SA_SIGINFO


---------------  S Y S T E M  ---------------

OS:Bsduname:Darwin 14.1.0 Darwin Kernel Version 14.1.0: Thu Feb 26 19:26:47 PST 2015; root:xnu-2782.10.73~1/RELEASE_X86_64 x86_64
rlimit: STACK 8192k, CORE 0k, NPROC 709, NOFILE 10240, AS infinity
load average:1.80 2.00 2.03

CPU:total 2 (2 cores per cpu, 1 threads per core) family 6 model 23 stepping 10, cmov, cx8, fxsr, mmx, sse, sse2, sse3, ssse3, sse4.1, tsc

Memory: 4k page, physical 8388608k(1198988k free)

/proc/meminfo:


vm_info: Java HotSpot(TM) 64-Bit Server VM (25.31-b07) for bsd-amd64 JRE (1.8.0_31-b13), built on Dec 17 2014 20:45:36 by "java_re" with gcc 4.2.1 (Based on Apple Inc. build 5658) (LLVM build 2336.11.00)

time: Wed Mar 18 14:25:54 2015
elapsed time: 4 seconds (0d 0h 0m 4s)

